"D:/CryoVR/CryoVR_Aquilos2/Content/Aquilos/Test_ModelsTexture/element2.uasset" 0
"D:/CryoVR/CryoVR_Aquilos2/Content/Aquilos/Test_ModelsTexture/rotatable_gear.uasset" 1
"D:/CryoVR/CryoVR_Aquilos2/Content/Aquilos/Test_ModelsTexture/element1.uasset" 2
"D:/CryoVR/CryoVR_Aquilos2/Content/Aquilos/Test_ModelsTexture/mainbody.uasset" 3
"D:/CryoVR/CryoVR_Aquilos2/Content/Aquilos/Materials/MF_Highlight.uasset" 4
"../../../Engine/Content/EditorMeshes/ColorCalibrator/M_ChromeBall.uasset" 5
"D:/CryoVR/CryoVR_Aquilos2/Content/Laboratory_Equipment/Meshes/Aquilos_Inside/Plate2.uasset" 6
"D:/CryoVR/CryoVR_Aquilos2/Content/Aquilos/Test_ModelsTexture/gold_maingear.uasset" 7
"D:/CryoVR/CryoVR_Aquilos2/Content/Aquilos/Test_ModelsTexture/gold_base.uasset" 8
"D:/CryoVR/CryoVR_Aquilos2/Content/Laboratory_Equipment/Meshes/Aquilos_Inside/Plate1.uasset" 9
"D:/CryoVR/CryoVR_Aquilos2/Content/Aquilos/Test_ModelsTexture/element3.uasset" 10
"D:/CryoVR/CryoVR_Aquilos2/Content/Aquilos/Test_ModelsTexture/base.uasset" 11
"D:/CryoVR/CryoVR_Aquilos2/Content/Models/Textures/WorkstationOpacityTex.uasset" 12
"D:/CryoVR/CryoVR_Aquilos2/Content/Models/Textures/T_MacroVariation.uasset" 13
"D:/CryoVR/CryoVR_Aquilos2/Content/Models/01M_Metal_Chrome.uasset" 14
"D:/CryoVR/CryoVR_Aquilos2/Content/Laboratory_Equipment/Meshes/Aquilos_Inside/Plate.uasset" 15
"../../../Engine/Content/EngineMaterials/T_Default_Material_Grid_N.uasset" 16
"../../../Engine/Content/EngineMaterials/T_Default_Material_Grid_M.uasset" 17
"../../../Engine/Content/Functions/Engine_MaterialFunctions01/Opacity/CameraDepthFade.uasset" 18
"../../../Engine/Content/EngineMaterials/DefaultMaterial.uasset" 19
"../../../Engine/Content/BasicShapes/Cylinder.uasset" 20
"D:/CryoVR/CryoVR_Aquilos2/Content/StarterContent/Textures/T_Smoke_Tiled_D.uasset" 21
"D:/CryoVR/CryoVR_Aquilos2/Content/StarterContent/Textures/T_Smoke_SubUV.uasset" 22
"D:/CryoVR/CryoVR_Aquilos2/Content/StarterContent/Particles/Materials/M_smoke_subUV.uasset" 23
"D:/CryoVR/CryoVR_Aquilos2/Content/StarterContent/Particles/P_Steam_Lit.uasset" 24
"D:/CryoVR/CryoVR_Aquilos2/Content/Laboratory_Equipment/Meshes/Aquilos_Inside/needle.uasset" 25
"../../../Engine/Content/EngineDebugMaterials/VertexColorViewMode_GreenOnly.uasset" 26
"D:/CryoVR/CryoVR_Aquilos2/Content/Laboratory_Equipment/Meshes/Aquilos_Inside/ion1.uasset" 27
"../../../Engine/Content/VREditor/BasicMeshes/T_CleanFloorGrunge_01_D.uasset" 28
"../../../Engine/Content/VREditor/BasicMeshes/M_Floor_01.uasset" 29
"../../../Engine/Content/VREditor/BasicMeshes/MI_Cube_03.uasset" 30
"D:/CryoVR/CryoVR_Aquilos2/Content/Laboratory_Equipment/Meshes/Aquilos_Inside/ion.uasset" 31
"D:/CryoVR/CryoVR_Aquilos2/Content/Aquilos/Test_ModelsTexture/element0.uasset" 32
"D:/CryoVR/CryoVR_Aquilos2/Content/Aquilos/Test_ModelsTexture/metal_cylinder3.uasset" 33
"D:/CryoVR/CryoVR_Aquilos2/Content/Laboratory_Equipment/Meshes/Aquilos_Inside/Conductor.uasset" 34
"D:/CryoVR/CryoVR_Aquilos2/Content/Aquilos/Test_ModelsTexture/element4.uasset" 35
"D:/CryoVR/CryoVR_Aquilos2/Content/Aquilos/Test_ModelsTexture/pin.uasset" 36
"D:/CryoVR/CryoVR_Aquilos2/Content/Laboratory_Equipment/Meshes/Aquilos_Inside/Bar.uasset" 37
"D:/CryoVR/CryoVR_Aquilos2/Content/Laboratory_Equipment/Meshes/Aquilos_Inside/Detailed_Sequencer.uasset" 38
"../../../Engine/Content/Animation/DefaultAnimBoneCompressionSettings.uasset" 39
"../../../Engine/Content/Animation/DefaultAnimCurveCompressionSettings.uasset" 40
"../../../Engine/Content/EngineMaterials/WorldGridMaterial.uasset" 41
"../../../Engine/Content/ArtTools/RenderToTexture/Meshes/S_1_Unit_Plane.uasset" 42
"../../../Engine/Content/BasicShapes/Cone.uasset" 43
"../../../Engine/Content/EditorLandscapeResources/DataLayer.uasset" 44
"../../../Engine/Content/EditorLandscapeResources/DefaultAlphaTexture.uasset" 45
"../../../Engine/Content/EditorMaterials/MAT_Groups_Toggle.uasset" 46
"../../../Engine/Content/EditorMaterials/MAT_Groups_Visibility.uasset" 47
"../../../Engine/Content/EditorMaterials/PreviewShadowIndicator.uasset" 48
"../../../Engine/Content/EditorMaterials/PreviewShadowIndicatorMaterial.uasset" 49
"../../../Engine/Content/EditorMaterials/MatineeGroups/MAT_ColorTrack.uasset" 50
"../../../Engine/Content/EditorMaterials/MatineeGroups/MAT_Groups_Anim.uasset" 51
"../../../Engine/Content/EditorMaterials/MatineeGroups/MAT_Groups_AudioMaster.uasset" 52
"../../../Engine/Content/EditorMaterials/MatineeGroups/MAT_Groups_Director.uasset" 53
"../../../Engine/Content/EditorMaterials/MatineeGroups/MAT_Groups_Event.uasset" 54
"../../../Engine/Content/EditorMaterials/MatineeGroups/MAT_Groups_Fade.uasset" 55
"../../../Engine/Content/EditorMaterials/MatineeGroups/MAT_Groups_Float.uasset" 56
"../../../Engine/Content/EditorMaterials/MatineeGroups/MAT_Groups_Move.uasset" 57
"../../../Engine/Content/EditorMaterials/MatineeGroups/MAT_Groups_Slomo.uasset" 58
"../../../Engine/Content/EditorMaterials/MatineeGroups/MAT_Groups_Sound.uasset" 59
"../../../Engine/Content/EditorMaterials/MatineeGroups/MAT_Groups_Vector.uasset" 60
"../../../Engine/Content/EditorMaterials/ParticleSystems/PSysThumbnail_NoImage.uasset" 61
"../../../Engine/Content/EditorMaterials/ParticleSystems/PSysThumbnail_OOD.uasset" 62
"../../../Engine/Content/EditorMaterials/Camera/CineMat.uasset" 63
"../../../Engine/Content/EditorMaterials/Camera/MI_CineMat_Rig.uasset" 64
"../../../Engine/Content/EditorMeshes/Camera/SM_CraneRig_Arm.uasset" 65
"../../../Engine/Content/EditorMeshes/Camera/SM_CraneRig_Base.uasset" 66
"../../../Engine/Content/EditorMeshes/Camera/SM_CraneRig_Body.uasset" 67
"../../../Engine/Content/EditorMeshes/Camera/SM_CraneRig_Mount.uasset" 68
"../../../Engine/Content/EditorMeshes/Camera/SM_RailRig_Mount.uasset" 69
"../../../Engine/Content/EditorMeshes/Camera/SM_RailRig_Track.uasset" 70
"../../../Engine/Content/EditorResources/BSPVertex.uasset" 71
"../../../Engine/Content/EditorResources/EmptyActor.uasset" 72
"../../../Engine/Content/EditorResources/S_Actor.uasset" 73
"../../../Engine/Content/EditorResources/S_Note.uasset" 74
"../../../Engine/Content/EditorResources/S_Solver.uasset" 75
"../../../Engine/Content/EditorResources/S_Terrain.uasset" 76
"../../../Engine/Content/EditorResources/S_Trigger.uasset" 77
"../../../Engine/Content/EditorResources/LightIcons/S_LightError.uasset" 78
"../../../Engine/Content/EditorResources/SequenceRecorder/Countdown.uasset" 79
"../../../Engine/Content/EditorResources/SequenceRecorder/RecordingIndicator.uasset" 80
"../../../Engine/Content/EngineDamageTypes/DmgTypeBP_Environmental.uasset" 81
"../../../Engine/Content/EngineDebugMaterials/DebugEditorMaterial.uasset" 82
"../../../Engine/Content/EngineDebugMaterials/DebugMeshMaterial.uasset" 83
"../../../Engine/Content/EngineDebugMaterials/M_SimpleUnlitTranslucent.uasset" 84
"../../../Engine/Content/Functions/Engine_MaterialFunctions02/Utility/CameraDirectionVector.uasset" 85
"../../../Engine/Content/EngineDebugMaterials/VolumeToRender.uasset" 86
"../../../Engine/Content/EngineDebugMaterials/M_VolumeRenderSphereTracePP.uasset" 87
"../../../Engine/Content/Functions/Engine_MaterialFunctions01/Shading/ConvertFromDiffSpec.uasset" 88
"../../../Engine/Content/EngineDebugMaterials/VertexColorMaterial.uasset" 89
"../../../Engine/Content/EngineDebugMaterials/WireframeMaterial.uasset" 90
"../../../Engine/Content/EngineFonts/Faces/RobotoRegular.uasset" 91
"../../../Engine/Content/EngineFonts/Faces/RobotoLight.uasset" 92
"../../../Engine/Content/EngineFonts/Faces/RobotoItalic.uasset" 93
"../../../Engine/Content/EngineFonts/Faces/RobotoBoldItalic.uasset" 94
"../../../Engine/Content/EngineFonts/Faces/RobotoBold.uasset" 95
"../../../Engine/Content/EngineFonts/Faces/DroidSansFallback.uasset" 96
"../../../Engine/Content/EngineFonts/Roboto.uasset" 97
"../../../Engine/Content/EngineMaterials/BaseFlattenNormalMap.uasset" 98
"../../../Engine/Content/EngineMaterials/BaseFlattenGrayscaleMap.uasset" 99
"../../../Engine/Content/EngineMaterials/BaseFlattenEmissiveMap.uasset" 100
"../../../Engine/Content/EngineMaterials/BaseFlattenDiffuseMap.uasset" 101
"../../../Engine/Content/EngineMaterials/BaseFlattenMaterial.uasset" 102
"../../../Engine/Content/EngineMaterials/BlueNoise.uasset" 103
"../../../Engine/Content/EngineMaterials/DefaultBloomKernel.uasset" 104
"../../../Engine/Content/EngineMaterials/DefaultBokeh.uasset" 105
"../../../Engine/Content/EngineMaterials/DefaultDiffuse.uasset" 106
"../../../Engine/Content/EngineMaterials/DefaultDeferredDecalMaterial.uasset" 107
"../../../Engine/Content/EngineMaterials/DefaultLightFunctionMaterial.uasset" 108
"../../../Engine/Content/EngineMaterials/DefaultPhysicalMaterial.uasset" 109
"../../../Engine/Content/Functions/Engine_MaterialFunctions02/Utility/BreakOutFloat2Components.uasset" 110
"../../../Engine/Content/EngineMaterials/DefaultPostProcessMaterial.uasset" 111
"../../../Engine/Content/EngineFonts/RobotoDistanceField.uasset" 112
"../../../Engine/Content/EngineMaterials/DefaultTextMaterialOpaque.uasset" 113
"../../../Engine/Content/EngineMaterials/DefaultWhiteGrid.uasset" 114
"../../../Engine/Content/EngineMaterials/DefaultWhiteGrid_Low.uasset" 115
"../../../Engine/Content/EngineMaterials/EmissiveMeshMaterial.uasset" 116
"../../../Engine/Content/EngineMaterials/GizmoMaterial.uasset" 117
"../../../Engine/Content/EngineMaterials/MiniFont.uasset" 118
"../../../Engine/Content/EngineMaterials/InvalidLightmapSettings.uasset" 119
"../../../Engine/Content/EngineMaterials/M_InvalidLightmapSettings.uasset" 120
"../../../Engine/Content/Functions/Engine_MaterialFunctions02/WorldPositionOffset/CameraOffset.uasset" 121
"../../../Engine/Content/EngineMaterials/PhAT_JointLimitMaterial.uasset" 122
"../../../Engine/Content/EngineMaterials/PreintegratedSkinBRDF.uasset" 123
"../../../Engine/Content/EngineMaterials/RemoveSurfaceMaterial.uasset" 124
"../../../Engine/Content/EngineMaterials/WeightMapPlaceholderTexture.uasset" 125
"../../../Engine/Content/EngineResources/WhiteSquareTexture.uasset" 126
"../../../Engine/Content/EngineMaterials/Widget3DPassThrough.uasset" 127
"../../../Engine/Content/EngineMaterials/Widget3DPassThrough_Masked.uasset" 128
"../../../Engine/Content/EngineMaterials/Widget3DPassThrough_Opaque.uasset" 129
"../../../Engine/Content/EngineMaterials/Widget3DPassThrough_Masked_OneSided.uasset" 130
"../../../Engine/Content/EngineMaterials/Widget3DPassThrough_Opaque_OneSided.uasset" 131
"../../../Engine/Content/EngineMaterials/Widget3DPassThrough_Translucent.uasset" 132
"../../../Engine/Content/EngineMaterials/Widget3DPassThrough_Translucent_OneSided.uasset" 133
"../../../Engine/Content/EngineMeshes/Cylinder.uasset" 134
"../../../Engine/Content/EngineMeshes/Sphere.uasset" 135
"../../../Engine/Content/EngineResources/Black.uasset" 136
"../../../Engine/Content/EngineResources/DefaultTextureCube.uasset" 137
"../../../Engine/Content/EngineResources/DefaultVolumeTexture2D.uasset" 138
"../../../Engine/Content/EngineResources/DefaultVolumeTexture.uasset" 139
"../../../Engine/Content/EngineResources/GradientTexture0.uasset" 140
"../../../Engine/Content/EngineSky/VolumetricClouds/T_NoiseShape64.uasset" 141
"../../../Engine/Content/EngineSky/VolumetricClouds/T_VolumeNoiseShape64.uasset" 142
"../../../Engine/Content/EngineSky/VolumetricClouds/T_NoiseErosion.uasset" 143
"../../../Engine/Content/EngineSky/VolumetricClouds/T_VolumeNoiseErosion32.uasset" 144
"../../../Engine/Content/EngineSky/VolumetricClouds/CloudWeatherTexture.uasset" 145
"../../../Engine/Content/EngineSky/VolumetricClouds/CloudGradientTexture.uasset" 146
"../../../Engine/Content/Functions/Engine_MaterialFunctions02/Utility/MakeFloat2.uasset" 147
"../../../Engine/Content/EngineSky/VolumetricClouds/m_SimpleVolumetricCloud.uasset" 148
"../../../Engine/Content/EngineSky/VolumetricClouds/m_SimpleVolumetricCloud_Inst.uasset" 149
"../../../Engine/Content/EngineSounds/Master.uasset" 150
"../../../Engine/Content/Maps/Templates/Thumbnails/Default.uasset" 151
"../../../Engine/Content/Maps/Templates/Thumbnails/TimeOfDay.uasset" 152
"../../../Engine/Content/Maps/Templates/Thumbnails/VR-Basic.uasset" 153
"../../../Engine/Content/MobileResources/T_MobileControls_texture.uasset" 154
"../../../Engine/Content/MobileResources/T_MobileMenu2.uasset" 155
"../../../Engine/Content/MobileResources/HUD/AnalogHat.uasset" 156
"../../../Engine/Content/MobileResources/HUD/VirtualJoystick_Thumb.uasset" 157
"../../../Engine/Content/MobileResources/HUD/VirtualJoystick_Background.uasset" 158
"../../../Engine/Content/MobileResources/HUD/DefaultVirtualJoysticks.uasset" 159
"../../../Engine/Content/MobileResources/HUD/LeftVirtualJoystickOnly.uasset" 160
"../../../Engine/Content/MobileResources/HUD/MobileHUDButton1_off.uasset" 161
"../../../Engine/Content/MobileResources/HUD/MobileHUDButton1_on.uasset" 162
"../../../Engine/Content/MobileResources/HUD/MobileHUDButton2_off.uasset" 163
"../../../Engine/Content/MobileResources/HUD/MobileHUDButton2_on.uasset" 164
"../../../Engine/Content/MobileResources/HUD/MobileHUDButton3.uasset" 165
"../../../Engine/Content/MobileResources/HUD/MobileHUDButtonFire.uasset" 166
"../../../Engine/Content/MobileResources/HUD/MobileHUDDirectionPad.uasset" 167
"../../../Engine/Content/MobileResources/HUD/MobileHUDDirectionPad2.uasset" 168
"../../../Engine/Content/MobileResources/HUD/MobileHUDDirectionPad3.uasset" 169
"../../../Engine/Content/MobileResources/HUD/MobileHUDDirectionStick.uasset" 170
"../../../Engine/Content/MobileResources/HUD/T_Castle_ThumbstickInner.uasset" 171
"../../../Engine/Content/MobileResources/HUD/T_Castle_ThumbstickOutter.uasset" 172
"../../../Engine/Content/Tutorial/ContentIntroCurve.uasset" 173
"../../../Engine/Content/Tutorial/Basics/LevelEditorAttract.uasset" 174
"../../../Engine/Content/Tutorial/BlueprintTutorials/TutorialAssets/Blueprint_64x.uasset" 175
"../../../Engine/Content/Tutorial/BlueprintTutorials/LevelBlueprintEditorOverview.uasset" 176
"../../../Engine/Content/Tutorial/Installation/InstallingVisualStudioTutorial.uasset" 177
"../../../Engine/Content/VREditor/TransformGizmo/TranslucentTransformGizmoMaterial.uasset" 178
"../../../Engine/Content/VREditor/LaserPointer/VR_LaserPower_01.uasset" 179
"../../../Engine/Content/VREditor/TransformGizmo/TransformGizmoMaterial.uasset" 180
"../../../Engine/Content/VREditor/TransformGizmo/BoundingBoxCorner.uasset" 181
"../../../Engine/Content/VREditor/TransformGizmo/BoundingBoxEdge.uasset" 182
"../../../Engine/Content/VREditor/TransformGizmo/PlaneTranslationHandle.uasset" 183
"../../../Engine/Content/VREditor/TransformGizmo/Xray.uasset" 184
"../../../Engine/Content/VREditor/TransformGizmo/Main.uasset" 185
"../../../Engine/Content/VREditor/TransformGizmo/SM_Sequencer_Key.uasset" 186
"../../../Engine/Content/VREditor/TransformGizmo/SM_Sequencer_Node.uasset" 187
"../../Plugins/2D/Paper2D/Content/PlaceholderTextures/DummySpriteTexture.uasset" 188
"../../Plugins/2D/Paper2D/Content/DummySprite.uasset" 189
"../../Plugins/2D/Paper2D/Content/DefaultPaperTerrainMaterial.uasset" 190
"../../Plugins/2D/Paper2D/Content/DefaultSpriteMaterial.uasset" 191
"../../Plugins/2D/Paper2D/Content/MaskedUnlitSpriteMaterial.uasset" 192
"../../Plugins/2D/Paper2D/Content/OpaqueUnlitSpriteMaterial.uasset" 193
"../../../Engine/Content/Functions/Engine_MaterialFunctions02/Utility/BreakOutFloat3Components.uasset" 194
"../../../Engine/Content/Functions/Engine_MaterialFunctions02/ObjectLocalBounds.uasset" 195
"../../Plugins/Editor/SpeedTreeImporter/Content/SpeedTree9/UnpackInteger3.uasset" 196
"../../Plugins/Editor/SpeedTreeImporter/Content/SpeedTree9/UnpackDirection.uasset" 197
"../../Plugins/Editor/SpeedTreeImporter/Content/SpeedTree9/game_wind_noise.uasset" 198
"../../../Engine/Content/Functions/Engine_MaterialFunctions02/SafeNormalize.uasset" 199
"../../Plugins/Editor/SpeedTreeImporter/Content/SpeedTree9/SpeedTreeWindMotion.uasset" 200
"../../Plugins/Editor/SpeedTreeImporter/Content/SpeedTree9/SpeedTreeBranchMotion.uasset" 201
"../../../Engine/Content/Functions/Engine_MaterialFunctions02/UVs/BoundingBoxBased_0-1_UVW.uasset" 202
"../../Plugins/Editor/SpeedTreeImporter/Content/SpeedTree9/SpeedTreeWind.uasset" 203
"../../Plugins/Editor/SpeedTreeImporter/Content/SpeedTree9/SpeedTreeBillboard.uasset" 204
"../../../Engine/Content/EngineResources/DefaultTexture.uasset" 205
"../../Plugins/Editor/SpeedTreeImporter/Content/SpeedTree9/SpeedTreeBillboardMaster.uasset" 206
"../../Plugins/Editor/SpeedTreeImporter/Content/SpeedTree9/SpeedTreeCameraFacing.uasset" 207
"../../Plugins/Editor/SpeedTreeImporter/Content/SpeedTree9/SpeedTreeMaster.uasset" 208
"../../../Engine/Content/ArtTools/RenderToTexture/Materials/Debug/M_Emissive_Color.uasset" 209
"../../Plugins/Lumin/MagicLeapPassableWorld/Content/MagicLeapARPinInfoActor.uasset" 210
"../../../Engine/Content/Functions/Engine_MaterialFunctions02/Utility/BreakOutFloat4Components.uasset" 211
"../../../Engine/Content/Functions/Engine_MaterialFunctions02/Utility/MakeFloat3.uasset" 212
"../../Plugins/Runtime/Oculus/OculusVR/Content/Materials/OculusMR_ChromaKey.uasset" 213
"../../Plugins/Runtime/Oculus/OculusVR/Content/Materials/OculusMR_OpaqueColoredMaterial.uasset" 214
"../../Plugins/Runtime/Oculus/OculusVR/Content/Materials/PokeAHoleMaterial.uasset" 215
"D:/CryoVR/CryoVR_Aquilos2/Content/Aquilos/Test_ModelsTexture/background.uasset" 216
"D:/CryoVR/CryoVR_Aquilos2/Content/Aquilos/Aquilos2_Enum.uasset" 217
"../../../Engine/Content/EngineSky/T_Sky_Stars.uasset" 218
"../../../Engine/Content/EngineSky/T_Sky_Clouds_M.uasset" 219
"../../../Engine/Content/EngineSky/T_Sky_Blue.uasset" 220
"D:/CryoVR/CryoVR_Aquilos2/Content/CryoVR_GeneralContent/Materials/MatHighlight/MF_SampleSceneTextureNeighbourUVs.uasset" 221
"D:/CryoVR/CryoVR_Aquilos2/Content/CryoVR_GeneralContent/Materials/MatHighlight/MF_ExtractDepth.uasset" 222
"D:/CryoVR/CryoVR_Aquilos2/Content/CryoVR_GeneralContent/Materials/MatHighlight/PPM_Outline.uasset" 223
"D:/CryoVR/CryoVR_Aquilos2/Content/CryoVR_GeneralContent/Materials/MatHighlight/PPM_Outline_Inst.uasset" 224
"D:/CryoVR/CryoVR_Aquilos2/Content/Laboratory_Equipment/Materials/Base_Material/M_Glass.uasset" 225
"D:/CryoVR/CryoVR_Aquilos2/Content/Aquilos/Test_ModelsTexture/SteelBrushed_1K_roughness.uasset" 226
"D:/CryoVR/CryoVR_Aquilos2/Content/Aquilos/Test_ModelsTexture/SteelBrushed_1K_normal.uasset" 227
"D:/CryoVR/CryoVR_Aquilos2/Content/Aquilos/Test_ModelsTexture/SteelBrushed_1K_metallic.uasset" 228
"D:/CryoVR/CryoVR_Aquilos2/Content/Aquilos/Test_ModelsTexture/SteelBrushed_1K_albedo.uasset" 229
"D:/CryoVR/CryoVR_Aquilos2/Content/Aquilos/Test_ModelsTexture/metalbox_material_silver.uasset" 230
"D:/CryoVR/CryoVR_Aquilos2/Content/Aquilos/Test_ModelsTexture/FineGold_1K_roughness.uasset" 231
"D:/CryoVR/CryoVR_Aquilos2/Content/Aquilos/Test_ModelsTexture/FineGold_1K_normal.uasset" 232
"D:/CryoVR/CryoVR_Aquilos2/Content/Aquilos/Test_ModelsTexture/FineGold_1K_metallic.uasset" 233
"D:/CryoVR/CryoVR_Aquilos2/Content/Aquilos/Test_ModelsTexture/FineGold_1K_albedo.uasset" 234
"D:/CryoVR/CryoVR_Aquilos2/Content/Aquilos/Test_ModelsTexture/aquilos_pot_innergear_gold_blinn.uasset" 235
"../../../Engine/Content/EngineSky/M_Sky_Panning_Clouds2.uasset" 236
"../../../Engine/Content/Engine_MI_Shaders/T_Reflection.uasset" 237
"../../../Engine/Content/Engine_MI_Shaders/T_Normal.uasset" 238
"../../../Engine/Content/Engine_MI_Shaders/T_Emissive.uasset" 239
"../../../Engine/Content/Functions/Engine_MaterialFunctions01/Shading/PowerToRoughness.uasset" 240
"../../../Engine/Content/Engine_MI_Shaders/M_Shader_Simple.uasset" 241
"D:/CryoVR/CryoVR_Aquilos2/Content/VirtualRealityBP/Maps/Aquilos2_Detailed_BuiltData.uasset" 242
"D:/CryoVR/CryoVR_Aquilos2/Content/Aquilos/Test_ModelsTexture/metal_cylinder1.uasset" 243
"D:/CryoVR/CryoVR_Aquilos2/Content/Laboratory_Equipment/Meshes/Aquilos_Inside/Beam.uasset" 244
"D:/CryoVR/CryoVR_Aquilos2/Content/Laboratory_Equipment/Materials/Instance_Material/M_Glass_Inst.uasset" 245
"D:/CryoVR/CryoVR_Aquilos2/Content/Laboratory_Equipment/Textures/T_Atlas_5_R.uasset" 246
"D:/CryoVR/CryoVR_Aquilos2/Content/Laboratory_Equipment/Textures/T_Atlas_5_N.uasset" 247
"D:/CryoVR/CryoVR_Aquilos2/Content/Laboratory_Equipment/Textures/T_Atlas_5_M.uasset" 248
"D:/CryoVR/CryoVR_Aquilos2/Content/Laboratory_Equipment/Textures/T_Atlas_5_Emissiv.uasset" 249
"D:/CryoVR/CryoVR_Aquilos2/Content/Laboratory_Equipment/Textures/T_Atlas_5_D.uasset" 250
"D:/CryoVR/CryoVR_Aquilos2/Content/Laboratory_Equipment/Materials/Base_Material/M_Atlas_5.uasset" 251
"D:/CryoVR/CryoVR_Aquilos2/Content/Laboratory_Equipment/Materials/Instance_Material/M_Atlas_5_Inst.uasset" 252
"D:/CryoVR/CryoVR_Aquilos2/Content/Laboratory_Equipment/Meshes/Wall_400x400.uasset" 253
"D:/CryoVR/CryoVR_Aquilos2/Content/Laboratory_Equipment/Meshes/Floor_200x200.uasset" 254
"D:/CryoVR/CryoVR_Aquilos2/Content/Laboratory_Equipment/Meshes/Ceiling_200x200_3.uasset" 255
"D:/CryoVR/CryoVR_Aquilos2/Content/Laboratory_Equipment/Meshes/Ceiling_200x200_2.uasset" 256
"D:/CryoVR/CryoVR_Aquilos2/Content/Laboratory_Equipment/Meshes/Ceiling_200x200_1.uasset" 257
"../../../Engine/Content/EditorMeshes/ColorCalibrator/M_ClearCoat.uasset" 258
"D:/CryoVR/CryoVR_Aquilos2/Content/Laboratory_Equipment/BP_CryoVR_Aquilos2_Inside.uasset" 259
"D:/CryoVR/CryoVR_Aquilos2/Content/CryoVR_GeneralContent/Blueprints/S_InputTick.uasset" 260
"D:/CryoVR/CryoVR_Aquilos2/Content/CryoVR_GeneralContent/Blueprints/Global_Arrays.uasset" 261
"D:/CryoVR/CryoVR_Aquilos2/Content/VirtualRealityBP/Blueprints/PickupActorInterface.uasset" 262
"D:/CryoVR/CryoVR_Aquilos2/Content/CryoVR_GeneralContent/Blueprints/BP_Floor.uasset" 263
"../../../Engine/Content/EditorBlueprintResources/StandardMacros.uasset" 264
"D:/CryoVR/CryoVR_Aquilos2/Content/CryoVR_GeneralContent/Blueprints/BPC_FloorEvent.uasset" 265
"D:/CryoVR/CryoVR_Aquilos2/Content/VirtualRealityBP/Blueprints/MotionControllerPawn.uasset" 266
"D:/CryoVR/CryoVR_Aquilos2/Content/VirtualReality/Materials/M_BaseMaterial.uasset" 267
"D:/CryoVR/CryoVR_Aquilos2/Content/VirtualReality/Materials/MI_SmallCubes.uasset" 268
"D:/CryoVR/CryoVR_Aquilos2/Content/VirtualRealityBP/Blueprints/BP_PickupCube.uasset" 269
"D:/CryoVR/CryoVR_Aquilos2/Content/VR_Hands/Meshes/VRHand_Right_PhysicsAsset.uasset" 270
"D:/CryoVR/CryoVR_Aquilos2/Content/VR_Hands/Textures/SSS/T_Hand_SSS.uasset" 271
"D:/CryoVR/CryoVR_Aquilos2/Content/VirtualReality/Mannequin/Character/Textures/T_StylizedManHand_ORM.uasset" 272
"D:/CryoVR/CryoVR_Aquilos2/Content/VirtualReality/Mannequin/Character/Textures/T_StylizedManHand_BC.uasset" 273
"D:/CryoVR/CryoVR_Aquilos2/Content/VR_Hands/Textures/T_Example_BC.uasset" 274
"D:/CryoVR/CryoVR_Aquilos2/Content/VR_Hands/Textures/T_Example_N.uasset" 275
"D:/CryoVR/CryoVR_Aquilos2/Content/VR_Hands/Materials/Shaders/M_Master.uasset" 276
"D:/CryoVR/CryoVR_Aquilos2/Content/VirtualReality/Mannequin/Character/Materials/MI_StylizedManHand.uasset" 277
"D:/CryoVR/CryoVR_Aquilos2/Content/VirtualReality/Mannequin/Character/Mesh/MannequinHand_Right_Skeleton.uasset" 278
"D:/CryoVR/CryoVR_Aquilos2/Content/VirtualReality/Mannequin/Character/Mesh/StylizedManHand_Right.uasset" 279
"D:/CryoVR/CryoVR_Aquilos2/Content/VirtualRealityBP/Blueprints/MotionControllerHaptics.uasset" 280
"D:/CryoVR/CryoVR_Aquilos2/Content/VirtualReality/Meshes/SM_FatCylinder.uasset" 281
"D:/CryoVR/CryoVR_Aquilos2/Content/VirtualReality/Meshes/BeamMesh.uasset" 282
"D:/CryoVR/CryoVR_Aquilos2/Content/VirtualReality/Meshes/BeaconDirection.uasset" 283
"D:/CryoVR/CryoVR_Aquilos2/Content/VirtualReality/Meshes/1x1_cube.uasset" 284
"../../../Engine/Content/EngineMaterials/Good64x64TilingNoiseHighFreq.uasset" 285
"D:/CryoVR/CryoVR_Aquilos2/Content/VirtualReality/Materials/TeleportMCP.uasset" 286
"../../../Engine/Content/Functions/Engine_MaterialFunctions02/ScreenResolution.uasset" 287
"../../../Engine/Content/Functions/Engine_MaterialFunctions01/Texturing/ScaleUVsByCenter.uasset" 288
"../../../Engine/Content/Functions/Engine_MaterialFunctions02/Texturing/ScreenAlignedUVs.uasset" 289
"../../../Engine/Content/Functions/Engine_MaterialFunctions02/Utility/DepthFromWorldPosition.uasset" 290
"D:/CryoVR/CryoVR_Aquilos2/Content/VirtualReality/Materials/MF_OccludedPixels.uasset" 291
"D:/CryoVR/CryoVR_Aquilos2/Content/VirtualReality/Materials/M_SplineArcMat.uasset" 292
"D:/CryoVR/CryoVR_Aquilos2/Content/VirtualReality/Materials/M_ArcEndpoint.uasset" 293
"D:/CryoVR/CryoVR_Aquilos2/Content/VirtualReality/Materials/M_TeleportPreviews.uasset" 294
"D:/CryoVR/CryoVR_Aquilos2/Content/VirtualReality/Materials/MI_TeleportCylinderPreview.uasset" 295
"D:/CryoVR/CryoVR_Aquilos2/Content/VirtualReality/Materials/MI_ChaperoneOutline.uasset" 296
"D:/CryoVR/CryoVR_Aquilos2/Content/VirtualReality/Mannequin/Character/Textures/T_StylizedManHand_TX.uasset" 297
"D:/CryoVR/CryoVR_Aquilos2/Content/VirtualReality/Mannequin/Character/Materials/MI_StylizedManHand_Inst.uasset" 298
"D:/CryoVR/CryoVR_Aquilos2/Content/VirtualReality/Mannequin/Animations/PointAnimation.uasset" 299
"D:/CryoVR/CryoVR_Aquilos2/Content/VirtualReality/Mannequin/Animations/PickupTinyAnimation.uasset" 300
"D:/CryoVR/CryoVR_Aquilos2/Content/VirtualReality/Mannequin/Animations/MannequinHand_Right_Open.uasset" 301
"D:/CryoVR/CryoVR_Aquilos2/Content/VirtualReality/Mannequin/Animations/MannequinHand_Right_GrabPipet.uasset" 302
"D:/CryoVR/CryoVR_Aquilos2/Content/VirtualReality/Mannequin/Animations/MannequinHand_Right_Grab.uasset" 303
"D:/CryoVR/CryoVR_Aquilos2/Content/VirtualReality/Mannequin/Animations/MannequinHand_Right_CanGrab.uasset" 304
"D:/CryoVR/CryoVR_Aquilos2/Content/VirtualReality/Mannequin/Animations/RightHandGesture_BS.uasset" 305
"D:/CryoVR/CryoVR_Aquilos2/Content/VirtualReality/Mannequin/Animations/RightGrip_BS.uasset" 306
"D:/CryoVR/CryoVR_Aquilos2/Content/VirtualReality/Mannequin/Animations/RightHand_AnimBP.uasset" 307
"../../../Engine/Content/BasicShapes/Sphere.uasset" 308
"D:/CryoVR/CryoVR_Aquilos2/Content/VirtualRealityBP/Blueprints/BP_MotionController.uasset" 309
"D:/CryoVR/CryoVR_Aquilos2/Content/CryoVR_GeneralContent/Blueprints/BPC_PlayerInputRecorder.uasset" 310
"D:/CryoVR/CryoVR_Aquilos2/Content/CryoVR_GeneralContent/UI/CP3_UI_RotateArrowMesh.uasset" 311
"D:/CryoVR/CryoVR_Aquilos2/Content/CryoVR_GeneralContent/UI/arrow.uasset" 312
"D:/CryoVR/CryoVR_Aquilos2/Content/CryoVR_GeneralContent/UI/CP3_UI_RArrowMat.uasset" 313
"D:/CryoVR/CryoVR_Aquilos2/Content/CryoVR_GeneralContent/Blueprints/BP_RotateArrow.uasset" 314
"D:/CryoVR/CryoVR_Aquilos2/Content/CryoVR_GeneralContent/Materials/M_Master_PureColor.uasset" 315
"../../../Engine/Content/BasicShapes/Cube.uasset" 316
"D:/CryoVR/CryoVR_Aquilos2/Content/CryoVR_GeneralContent/Materials/M_Master_PureColor_Inst_White.uasset" 317
"../../../Engine/Content/BasicShapes/Plane.uasset" 318
"D:/CryoVR/CryoVR_Aquilos2/Content/CryoVR_GeneralContent/Blueprints/BP_InstructionBoard.uasset" 319
"D:/CryoVR/CryoVR_Aquilos2/Content/CryoVR_GeneralContent/UI/CP3_UI_ForwardArrowMesh.uasset" 320
"D:/CryoVR/CryoVR_Aquilos2/Content/CryoVR_GeneralContent/UI/CP3_UI_FArrowMat.uasset" 321
"D:/CryoVR/CryoVR_Aquilos2/Content/CryoVR_GeneralContent/Blueprints/BP_ForwardArrow.uasset" 322
"D:/CryoVR/CryoVR_Aquilos2/Content/CryoVR_GeneralContent/Blueprints/BP_CryoVRMotionControllerPawn.uasset" 323
"D:/CryoVR/CryoVR_Aquilos2/Content/CryoVR_GeneralContent/Materials/M_Ghost_Breath.uasset" 324
"D:/CryoVR/CryoVR_Aquilos2/Content/CryoVR_GeneralContent/Materials/M_Ghost_Breath_Inst.uasset" 325
"D:/CryoVR/CryoVR_Aquilos2/Content/Aquilos/Meshes/Standard_Tweezers.uasset" 326
"D:/CryoVR/CryoVR_Aquilos2/Content/Models/Tweezer_gridMat_inst.uasset" 327
"D:/CryoVR/CryoVR_Aquilos2/Content/Models/Tweezer_Grid.uasset" 328
"D:/CryoVR/CryoVR_Aquilos2/Content/Aquilos/Blueprints/BP_Tweezers.uasset" 329
"../../../Engine/Content/EngineDebugMaterials/VertexColorViewMode_RedOnly.uasset" 330
"D:/CryoVR/CryoVR_Aquilos2/Content/Aquilos/Meshes/ScrewDriver.uasset" 331
"../../../Engine/Content/EngineDebugMaterials/BlackUnlitMaterial.uasset" 332
"D:/CryoVR/CryoVR_Aquilos2/Content/Aquilos/Blueprints/BP_ScrewDriver.uasset" 333
"D:/CryoVR/CryoVR_Aquilos2/Content/Models/Tweezer.uasset" 334
"D:/CryoVR/CryoVR_Aquilos2/Content/Aquilos/Meshes/grid_box.uasset" 335
"D:/CryoVR/CryoVR_Aquilos2/Content/Aquilos/Blueprints/BP_Freeze_Dewar_Tweezer.uasset" 336
"D:/CryoVR/CryoVR_Aquilos2/Content/Aquilos/Textures/clippen_main_OcclusionRoughnessMetallic.uasset" 337
"D:/CryoVR/CryoVR_Aquilos2/Content/Aquilos/Textures/clippen_main_Normal.uasset" 338
"D:/CryoVR/CryoVR_Aquilos2/Content/Aquilos/Textures/clippen_main_BaseColor.uasset" 339
"D:/CryoVR/CryoVR_Aquilos2/Content/Aquilos/Materials/Clip_Pen.uasset" 340
"D:/CryoVR/CryoVR_Aquilos2/Content/Aquilos/Meshes/clippen_polySurface1.uasset" 341
"D:/CryoVR/CryoVR_Aquilos2/Content/Aquilos/Blueprints/BP_Clippen.uasset" 342
"../../../Engine/Content/MapTemplates/Sky/M_BlackBackground.uasset" 343
"D:/CryoVR/CryoVR_Aquilos2/Content/Aquilos/Meshes/NitrogenTankCapMesh.uasset" 344
"D:/CryoVR/CryoVR_Aquilos2/Content/Aquilos/Blueprints/DewarCapActor.uasset" 345
"D:/CryoVR/CryoVR_Aquilos2/Content/Aquilos/Textures/metal_bareTex.uasset" 346
"D:/CryoVR/CryoVR_Aquilos2/Content/Aquilos/Textures/CloudTex.uasset" 347
"D:/CryoVR/CryoVR_Aquilos2/Content/Aquilos/Textures/DewarMat.uasset" 348
"D:/CryoVR/CryoVR_Aquilos2/Content/StarterContent/Particles/P_Steam_Down.uasset" 349
"D:/CryoVR/CryoVR_Aquilos2/Content/Aquilos/Meshes/DewarMesh.uasset" 350
"D:/CryoVR/CryoVR_Aquilos2/Content/Aquilos/Blueprints/DewarActor.uasset" 351
"D:/CryoVR/CryoVR_Aquilos2/Content/Aquilos/Blueprints/Enum_ToolSockets_Status.uasset" 352
"D:/CryoVR/CryoVR_Aquilos2/Content/Aquilos/Blueprints/Enum_ShuttleScrew_Status.uasset" 353
"D:/CryoVR/CryoVR_Aquilos2/Content/Aquilos/Blueprints/Enum_Shuttle_Status.uasset" 354
"D:/CryoVR/CryoVR_Aquilos2/Content/Aquilos/Blueprints/Enum_GridBox_Status.uasset" 355
"D:/CryoVR/CryoVR_Aquilos2/Content/Aquilos/Blueprints/Enum_Grid_Status.uasset" 356
"D:/CryoVR/CryoVR_Aquilos2/Content/Aquilos/UI/Cooldown_WS_UI.uasset" 357
"D:/CryoVR/CryoVR_Aquilos2/Content/Aquilos/UI/Cooldown_Tools_UI.uasset" 358
"D:/CryoVR/CryoVR_Aquilos2/Content/Aquilos/Meshes/Screw.uasset" 359
"D:/CryoVR/CryoVR_Aquilos2/Content/Aquilos/Meshes/Aquilos2_Shuttle.uasset" 360
"D:/CryoVR/CryoVR_Aquilos2/Content/Aquilos/Meshes/lambert1.uasset" 361
"D:/CryoVR/CryoVR_Aquilos2/Content/Aquilos/Meshes/lambert2.uasset" 362
"D:/CryoVR/CryoVR_Aquilos2/Content/Aquilos/Meshes/aquilos_pot_innergear.uasset" 363
"D:/CryoVR/CryoVR_Aquilos2/Content/Aquilos/Test_ModelsTexture/lambert2.uasset" 364
"D:/CryoVR/CryoVR_Aquilos2/Content/Aquilos/Test_ModelsTexture/aquilos_pot_w_separate_textures.uasset" 365
"D:/CryoVR/CryoVR_Aquilos2/Content/Aquilos/Blueprints/BP_Workstation.uasset" 366
"D:/CryoVR/CryoVR_Aquilos2/Content/Aquilos/Blueprints/Cell_BP.uasset" 367
"D:/CryoVR/CryoVR_Aquilos2/Content/Aquilos/Meshes/Workstation_Cap.uasset" 368
"D:/CryoVR/CryoVR_Aquilos2/Content/Aquilos/Blueprints/BP_Workstation_Cap_with_Chamber.uasset" 369
"D:/CryoVR/CryoVR_Aquilos2/Content/Aquilos/Blueprints/BP_Workstation_Cap.uasset" 370
"D:/CryoVR/CryoVR_Aquilos2/Content/Aquilos/Textures/knob6_lambert1_OcclusionRoughnessMetallic.uasset" 371
"D:/CryoVR/CryoVR_Aquilos2/Content/Aquilos/Textures/knob6_lambert1_Normal.uasset" 372
"D:/CryoVR/CryoVR_Aquilos2/Content/Aquilos/Textures/knob6_lambert1_BaseColor.uasset" 373
"D:/CryoVR/CryoVR_Aquilos2/Content/Aquilos/Materials/M_Bottom_Knob.uasset" 374
"D:/CryoVR/CryoVR_Aquilos2/Content/Aquilos/Meshes/bottom_knob.uasset" 375
"D:/CryoVR/CryoVR_Aquilos2/Content/Aquilos/Meshes/aquilos_rod.uasset" 376
"D:/CryoVR/CryoVR_Aquilos2/Content/Aquilos/Blueprints/Enum_Valve_Status.uasset" 377
"D:/CryoVR/CryoVR_Aquilos2/Content/Aquilos/Test_ModelsTexture/metalbox_material_dark.uasset" 378
"D:/CryoVR/CryoVR_Aquilos2/Content/Aquilos/Test_ModelsTexture/metal_box_combined_wTextures_test1.uasset" 379
"D:/CryoVR/CryoVR_Aquilos2/Content/Aquilos/Meshes/metal_movable_panel.uasset" 380
"D:/CryoVR/CryoVR_Aquilos2/Content/Aquilos/Blueprints/BP_LidChamber.uasset" 381
"D:/CryoVR/CryoVR_Aquilos2/Content/Aquilos/Blueprints/Enum_Lock_Status.uasset" 382
"D:/CryoVR/CryoVR_Aquilos2/Content/Aquilos/Meshes/fixing_knob.uasset" 383
"D:/CryoVR/CryoVR_Aquilos2/Content/Aquilos/Textures/knob1_lambert1_OcclusionRoughnessMetallic.uasset" 384
"D:/CryoVR/CryoVR_Aquilos2/Content/Aquilos/Textures/knob1_lambert1_Normal.uasset" 385
"D:/CryoVR/CryoVR_Aquilos2/Content/Aquilos/Textures/knob1_lambert1_BaseColor.uasset" 386
"D:/CryoVR/CryoVR_Aquilos2/Content/Aquilos/Materials/M_Fixing_Knob.uasset" 387
"D:/CryoVR/CryoVR_Aquilos2/Content/Aquilos/Blueprints/BP_Fixing_Knob.uasset" 388
"D:/CryoVR/CryoVR_Aquilos2/Content/Aquilos/Blueprints/Enum_Rod_AttachTo.uasset" 389
"D:/CryoVR/CryoVR_Aquilos2/Content/Aquilos/UI/Venting_UI.uasset" 390
"../../../Engine/Content/EditorMeshes/ColorCalibrator/M_GreyBall.uasset" 391
"../../../Engine/Content/EditorMeshes/ColorCalibrator/M_ClearCoatBlack.uasset" 392
"D:/CryoVR/CryoVR_Aquilos2/Content/Aquilos/Meshes/normal_black.uasset" 393
"D:/CryoVR/CryoVR_Aquilos2/Content/Aquilos/Meshes/silver_panel1.uasset" 394
"D:/CryoVR/CryoVR_Aquilos2/Content/Aquilos/Meshes/normal_yellow.uasset" 395
"D:/CryoVR/CryoVR_Aquilos2/Content/Aquilos/Meshes/normal_white.uasset" 396
"D:/CryoVR/CryoVR_Aquilos2/Content/Aquilos/Meshes/normal_silver.uasset" 397
"D:/CryoVR/CryoVR_Aquilos2/Content/Aquilos/Meshes/green_lights.uasset" 398
"D:/CryoVR/CryoVR_Aquilos2/Content/Aquilos/Meshes/digital_Screen.uasset" 399
"D:/CryoVR/CryoVR_Aquilos2/Content/Aquilos/Meshes/deep_green_lights.uasset" 400
"D:/CryoVR/CryoVR_Aquilos2/Content/Aquilos/Meshes/white_machine_model.uasset" 401
"D:/CryoVR/CryoVR_Aquilos2/Content/Aquilos/Blueprints/BP_PumpMachine.uasset" 402
"D:/CryoVR/CryoVR_Aquilos2/Content/Aquilos/UI/Pumping_UI.uasset" 403
"D:/CryoVR/CryoVR_Aquilos2/Content/Aquilos/Meshes/aquilos_cap.uasset" 404
"D:/CryoVR/CryoVR_Aquilos2/Content/Aquilos/Meshes/aquilos_version3.uasset" 405
"D:/CryoVR/CryoVR_Aquilos2/Content/Aquilos/Textures/aquilos_version3_lambert1_OcclusionRoughnessMetallic.uasset" 406
"D:/CryoVR/CryoVR_Aquilos2/Content/Aquilos/Textures/aquilos_version3_lambert1_Normal.uasset" 407
"D:/CryoVR/CryoVR_Aquilos2/Content/Aquilos/Textures/aquilos_version3_lambert1_BaseColor.uasset" 408
"D:/CryoVR/CryoVR_Aquilos2/Content/Aquilos/Materials/M_Aquilos.uasset" 409
"D:/CryoVR/CryoVR_Aquilos2/Content/Aquilos/Blueprints/BP_Aquilos.uasset" 410
"D:/CryoVR/CryoVR_Aquilos2/Content/Aquilos/Textures/aquilos_rod_lambert1_OcclusionRoughnessMetallic.uasset" 411
"D:/CryoVR/CryoVR_Aquilos2/Content/Aquilos/Textures/aquilos_rod_lambert1_Normal.uasset" 412
"D:/CryoVR/CryoVR_Aquilos2/Content/Aquilos/Textures/aquilos_rod_lambert1_BaseColor.uasset" 413
"D:/CryoVR/CryoVR_Aquilos2/Content/Aquilos/Materials/M_Aquilos_Rod.uasset" 414
"D:/CryoVR/CryoVR_Aquilos2/Content/Aquilos/Blueprints/BP_Rod.uasset" 415
"D:/CryoVR/CryoVR_Aquilos2/Content/Aquilos/Blueprints/BP_Bottom_Knob.uasset" 416
"D:/CryoVR/CryoVR_Aquilos2/Content/Aquilos/Blueprints/Enum_Slider_Position.uasset" 417
"D:/CryoVR/CryoVR_Aquilos2/Content/Aquilos/Meshes/slide_knob_top.uasset" 418
"D:/CryoVR/CryoVR_Aquilos2/Content/Aquilos/Meshes/slide_knob_bottom.uasset" 419
"D:/CryoVR/CryoVR_Aquilos2/Content/Aquilos/Textures/knob5_0_lambert1_OcclusionRoughnessMetallic.uasset" 420
"D:/CryoVR/CryoVR_Aquilos2/Content/Aquilos/Textures/knob5_0_lambert1_Normal.uasset" 421
"D:/CryoVR/CryoVR_Aquilos2/Content/Aquilos/Textures/knob5_0_lambert1_BaseColor.uasset" 422
"D:/CryoVR/CryoVR_Aquilos2/Content/Aquilos/Materials/M_Slide_Knob_Top.uasset" 423
"D:/CryoVR/CryoVR_Aquilos2/Content/Aquilos/Textures/knob5_1_lambert1_OcclusionRoughnessMetallic.uasset" 424
"D:/CryoVR/CryoVR_Aquilos2/Content/Aquilos/Textures/knob5_1_lambert1_Normal.uasset" 425
"D:/CryoVR/CryoVR_Aquilos2/Content/Aquilos/Textures/knob5_1_lambert1_BaseColor.uasset" 426
"D:/CryoVR/CryoVR_Aquilos2/Content/Aquilos/Materials/M_Slide_Knob_Bottom.uasset" 427
"D:/CryoVR/CryoVR_Aquilos2/Content/Aquilos/Blueprints/BP_Slide_Knob.uasset" 428
"D:/CryoVR/CryoVR_Aquilos2/Content/Aquilos/Meshes/side_knob.uasset" 429
"D:/CryoVR/CryoVR_Aquilos2/Content/Aquilos/Textures/knob2_lambert1_OcclusionRoughnessMetallic.uasset" 430
"D:/CryoVR/CryoVR_Aquilos2/Content/Aquilos/Textures/knob2_lambert1_Normal.uasset" 431
"D:/CryoVR/CryoVR_Aquilos2/Content/Aquilos/Textures/knob2_lambert1_BaseColor.uasset" 432
"D:/CryoVR/CryoVR_Aquilos2/Content/Aquilos/Materials/M_Aquilos_Side_Knob.uasset" 433
"D:/CryoVR/CryoVR_Aquilos2/Content/Aquilos/Blueprints/BP_Side_Knob.uasset" 434
"D:/CryoVR/CryoVR_Aquilos2/Content/Aquilos/Meshes/rod_side_knob.uasset" 435
"D:/CryoVR/CryoVR_Aquilos2/Content/Aquilos/Blueprints/BP_Side_Knob_for_Rod.uasset" 436
"D:/CryoVR/CryoVR_Aquilos2/Content/Aquilos/Meshes/FreezeDewar.uasset" 437
"D:/CryoVR/CryoVR_Aquilos2/Content/Aquilos/Blueprints/BP_Freeze_Dewar.uasset" 438
"D:/CryoVR/CryoVR_Aquilos2/Content/CryoVR_GeneralContent/Blueprints/BP_PlayBackMotionController.uasset" 439
"D:/CryoVR/CryoVR_Aquilos2/Content/CryoVR_GeneralContent/Blueprints/BPC_PlayBackController.uasset" 440
"D:/CryoVR/CryoVR_Aquilos2/Content/CryoVR_GeneralContent/Blueprints/BP_PlayBackCharacter.uasset" 441
"D:/CryoVR/CryoVR_Aquilos2/Content/Aquilos/Textures/cap1_lambert1_OcclusionRoughnessMetallic.uasset" 442
"D:/CryoVR/CryoVR_Aquilos2/Content/Aquilos/Textures/cap1_lambert1_Normal.uasset" 443
"D:/CryoVR/CryoVR_Aquilos2/Content/Aquilos/Textures/cap1_lambert1_BaseColor.uasset" 444
"D:/CryoVR/CryoVR_Aquilos2/Content/Aquilos/Materials/M_Aquilos_Cap.uasset" 445
"D:/CryoVR/CryoVR_Aquilos2/Content/Aquilos/Blueprints/BP_Aquilos_Cap.uasset" 446
"../../../Engine/Content/EngineSky/SM_SkySphere.uasset" 447
"../../../Engine/Content/EngineSky/C_Sky_Zenith_Color.uasset" 448
"../../../Engine/Content/EngineSky/C_Sky_Horizon_Color.uasset" 449
"../../../Engine/Content/EngineSky/C_Sky_Cloud_Color.uasset" 450
"../../../Engine/Content/EngineSky/BP_Sky_Sphere.uasset" 451
"D:/CryoVR/CryoVR_Aquilos2/Content/VirtualRealityBP/Maps/Aquilos2_Detailed.umap" 452
"D:/CryoVR/CryoVR_Aquilos2/Content/Laboratory_Equipment/Textures/T_Atlas_1_R.uasset" 453
"D:/CryoVR/CryoVR_Aquilos2/Content/Laboratory_Equipment/Textures/T_Atlas_1_N.uasset" 454
"D:/CryoVR/CryoVR_Aquilos2/Content/Laboratory_Equipment/Textures/T_Atlas_1_M.uasset" 455
"D:/CryoVR/CryoVR_Aquilos2/Content/Laboratory_Equipment/Textures/T_Atlas_1_D.uasset" 456
"D:/CryoVR/CryoVR_Aquilos2/Content/Laboratory_Equipment/Materials/Base_Material/M_Atlas_1.uasset" 457
"D:/CryoVR/CryoVR_Aquilos2/Content/Laboratory_Equipment/Materials/Instance_Material/M_Atlas_1_Inst.uasset" 458
"D:/CryoVR/CryoVR_Aquilos2/Content/Aquilos/Meshes/aquilos_pot_innergear_silver_blinn.uasset" 459
"D:/CryoVR/CryoVR_Aquilos2/Content/Aquilos/Textures/knob3_lambert1_OcclusionRoughnessMetallic.uasset" 460
"D:/CryoVR/CryoVR_Aquilos2/Content/Aquilos/Textures/knob3_lambert1_Normal.uasset" 461
"D:/CryoVR/CryoVR_Aquilos2/Content/Aquilos/Textures/knob3_lambert1_BaseColor.uasset" 462
"D:/CryoVR/CryoVR_Aquilos2/Content/Aquilos/Materials/M_Top_Knob.uasset" 463
"D:/CryoVR/CryoVR_Aquilos2/Content/Aquilos/Textures/aquilos_table_lambert1_OcclusionRoughnessMetallic.uasset" 464
"D:/CryoVR/CryoVR_Aquilos2/Content/Aquilos/Textures/aquilos_table_lambert1_Normal.uasset" 465
"D:/CryoVR/CryoVR_Aquilos2/Content/Aquilos/Textures/aquilos_table_lambert1_BaseColor.uasset" 466
"D:/CryoVR/CryoVR_Aquilos2/Content/Aquilos/Materials/M_Aquilos_Table.uasset" 467
"D:/CryoVR/CryoVR_Aquilos2/Content/VirtualRealityBP/Maps/Aquilos2_Exam_BuiltData.uasset" 468
"D:/CryoVR/CryoVR_Aquilos2/Content/Laboratory_Equipment/Materials/Base_Material/M_Basic_Wall.uasset" 469
"D:/CryoVR/CryoVR_Aquilos2/Content/Laboratory_Equipment/Materials/Instance_Material/M_Basic_Wall_Inst.uasset" 470
"D:/CryoVR/CryoVR_Aquilos2/Content/Laboratory_Equipment/BP_CryoVR_Room.uasset" 471
"D:/CryoVR/CryoVR_Aquilos2/Content/StarterContent/Materials/M_Basic_Wall.uasset" 472
"D:/CryoVR/CryoVR_Aquilos2/Content/CryoVR_GeneralContent/Menu/ReplayButton.uasset" 473
"D:/CryoVR/CryoVR_Aquilos2/Content/CryoVR_GeneralContent/Menu/MenuBar_inGame.uasset" 474
"D:/CryoVR/CryoVR_Aquilos2/Content/CryoVR_GeneralContent/Menu/FinishButton.uasset" 475
"D:/CryoVR/CryoVR_Aquilos2/Content/CryoVR_GeneralContent/Menu/Adjust_Height.uasset" 476
"D:/CryoVR/CryoVR_Aquilos2/Content/CryoVR_GeneralContent/Blueprints/CryoVR_Function_Library.uasset" 477
"D:/CryoVR/CryoVR_Aquilos2/Content/Aquilos/Blueprints/Indication_Knob_BP.uasset" 478
"../../../Engine/Content/BasicShapes/BasicShapeMaterial.uasset" 479
"D:/CryoVR/CryoVR_Aquilos2/Content/CryoVR_GeneralContent/Blueprints/BP_RedeemCodeBoard.uasset" 480
"D:/CryoVR/CryoVR_Aquilos2/Content/Laboratory_Equipment/Meshes/Table.uasset" 481
"D:/CryoVR/CryoVR_Aquilos2/Content/CryoVR_GeneralContent/Sound/S_FinishTask.uasset" 482
"D:/CryoVR/CryoVR_Aquilos2/Content/Aquilos/Sounds/ExamModeWelcome.uasset" 483
"D:/CryoVR/CryoVR_Aquilos2/Content/Aquilos/Meshes/top_knob.uasset" 484
"D:/CryoVR/CryoVR_Aquilos2/Content/Aquilos/Meshes/aquilos_table.uasset" 485
"D:/CryoVR/CryoVR_Aquilos2/Content/VirtualRealityBP/Maps/Aquilos2_Exam.umap" 486
"D:/CryoVR/CryoVR_Aquilos2/Content/VirtualRealityBP/Maps/Aquilos2_MainMenu_BuiltData.uasset" 487
"D:/CryoVR/CryoVR_Aquilos2/Content/CryoVR_GeneralContent/Menu/MainMenuBar.uasset" 488
"D:/CryoVR/CryoVR_Aquilos2/Content/VirtualRealityBP/Maps/Aquilos2_MainMenu.umap" 489
"D:/CryoVR/CryoVR_Aquilos2/Content/Aquilos/Sounds/Welcome.uasset" 490
"D:/CryoVR/CryoVR_Aquilos2/Content/Aquilos/Sounds/Vent_the_transfer_rod.uasset" 491
"D:/CryoVR/CryoVR_Aquilos2/Content/Aquilos/Sounds/Unlock_the_rod.uasset" 492
"D:/CryoVR/CryoVR_Aquilos2/Content/Aquilos/Sounds/Unlock_fixing_knobs_on_Aquilos.uasset" 493
"D:/CryoVR/CryoVR_Aquilos2/Content/Aquilos/Sounds/uncap_the_gridbox.uasset" 494
"D:/CryoVR/CryoVR_Aquilos2/Content/Aquilos/Sounds/Tighten_the_screw.uasset" 495
"D:/CryoVR/CryoVR_Aquilos2/Content/Aquilos/Sounds/Remove_tools.uasset" 496
"D:/CryoVR/CryoVR_Aquilos2/Content/Aquilos/Sounds/Remove_the_lid.uasset" 497
"D:/CryoVR/CryoVR_Aquilos2/Content/Aquilos/Sounds/Put_the_gridbox_back_to_freeze_dewar.uasset" 498
"D:/CryoVR/CryoVR_Aquilos2/Content/Aquilos/Sounds/Put_gridbox_into_the_pod.uasset" 499
"D:/CryoVR/CryoVR_Aquilos2/Content/Aquilos/Sounds/Pump_the_rod_with_machine.uasset" 500
"D:/CryoVR/CryoVR_Aquilos2/Content/Aquilos/Sounds/Pump_the_rod_load_chamber.uasset" 501
"D:/CryoVR/CryoVR_Aquilos2/Content/Aquilos/Sounds/Pull_rod_back__2nd_.uasset" 502
"D:/CryoVR/CryoVR_Aquilos2/Content/Aquilos/Sounds/Pull_rod_back.uasset" 503
"D:/CryoVR/CryoVR_Aquilos2/Content/Aquilos/Sounds/Pick_up_the_gridbox_from_pod.uasset" 504
"D:/CryoVR/CryoVR_Aquilos2/Content/Aquilos/Sounds/Pick_up_the_gridbox.uasset" 505
"D:/CryoVR/CryoVR_Aquilos2/Content/Aquilos/Sounds/Open_the_rod_gate__2nd_.uasset" 506
"D:/CryoVR/CryoVR_Aquilos2/Content/Aquilos/Sounds/Open_the_rod_gate.uasset" 507
"D:/CryoVR/CryoVR_Aquilos2/Content/Aquilos/Sounds/Open_the_microscope_gate.uasset" 508
"D:/CryoVR/CryoVR_Aquilos2/Content/Aquilos/Sounds/Open_lid_gate.uasset" 509
"D:/CryoVR/CryoVR_Aquilos2/Content/Aquilos/Sounds/Loosen_the_screw.uasset" 510
"D:/CryoVR/CryoVR_Aquilos2/Content/Aquilos/Sounds/Lock_the_rod__2nd_.uasset" 511
"D:/CryoVR/CryoVR_Aquilos2/Content/Aquilos/Sounds/Lock_the_rod.uasset" 512
"D:/CryoVR/CryoVR_Aquilos2/Content/Aquilos/Sounds/Lock_the_fixing_knobs_on_lid.uasset" 513
"D:/CryoVR/CryoVR_Aquilos2/Content/Aquilos/Sounds/Lock_fixing_knobs_on_Aquilos.uasset" 514
"D:/CryoVR/CryoVR_Aquilos2/Content/Aquilos/Sounds/Insert_the_rod__2nd_.uasset" 515
"D:/CryoVR/CryoVR_Aquilos2/Content/Aquilos/Sounds/Insert_the_rod.uasset" 516
"D:/CryoVR/CryoVR_Aquilos2/Content/Aquilos/Sounds/Grab_the_grid.uasset" 517
"D:/CryoVR/CryoVR_Aquilos2/Content/Aquilos/Sounds/Flip_the_shuttle_back.uasset" 518
"D:/CryoVR/CryoVR_Aquilos2/Content/Aquilos/Sounds/Flip_the_shuttle.uasset" 519
"D:/CryoVR/CryoVR_Aquilos2/Content/Aquilos/Sounds/End.uasset" 520
"D:/CryoVR/CryoVR_Aquilos2/Content/Aquilos/Sounds/Detach_the_rod_from_lid.uasset" 521
"D:/CryoVR/CryoVR_Aquilos2/Content/Aquilos/Sounds/Detach_the_rod.uasset" 522
"D:/CryoVR/CryoVR_Aquilos2/Content/Aquilos/Sounds/Detach_the_cap_from_Aquilos.uasset" 523
"D:/CryoVR/CryoVR_Aquilos2/Content/Aquilos/Sounds/Cool_down_the_tools.uasset" 524
"D:/CryoVR/CryoVR_Aquilos2/Content/Aquilos/Sounds/Close_the_rod_gate__2nd_.uasset" 525
"D:/CryoVR/CryoVR_Aquilos2/Content/Aquilos/Sounds/Close_the_rod_gate.uasset" 526
"D:/CryoVR/CryoVR_Aquilos2/Content/Aquilos/Sounds/Close_the_Microscope_gate.uasset" 527
"D:/CryoVR/CryoVR_Aquilos2/Content/Aquilos/Sounds/Close_lid_gate__2nd_.uasset" 528
"D:/CryoVR/CryoVR_Aquilos2/Content/Aquilos/Sounds/Close_lid_gate.uasset" 529
"D:/CryoVR/CryoVR_Aquilos2/Content/Aquilos/Sounds/Cap_the_pod.uasset" 530
"D:/CryoVR/CryoVR_Aquilos2/Content/Aquilos/Sounds/Cap_the_gridbox.uasset" 531
"D:/CryoVR/CryoVR_Aquilos2/Content/Aquilos/Sounds/Attach_the_rod_to_the_lid.uasset" 532
"D:/CryoVR/CryoVR_Aquilos2/Content/Aquilos/Sounds/Attach_the_rod_to_the_Aquilos.uasset" 533
"D:/CryoVR/CryoVR_Aquilos2/Content/Aquilos/Sounds/Attach_the_grid_to_the_shuttle_notch.uasset" 534
"D:/CryoVR/CryoVR_Aquilos2/Content/Aquilos/Sounds/Attach_the_cap_to_the_Aquilos.uasset" 535
"D:/CryoVR/CryoVR_Aquilos2/Content/Aquilos/Aquilos2_Enum_Revised.uasset" 536
"D:/CryoVR/CryoVR_Aquilos2/Content/VirtualRealityBP/Maps/Aquilos2_Tutorial_BuiltData.uasset" 537
"D:/CryoVR/CryoVR_Aquilos2/Content/Models/01M_Metal_Chrome_Inst.uasset" 538
"D:/CryoVR/CryoVR_Aquilos2/Content/Aquilos/Blueprints/Aquilos2_Shuttle_BP.uasset" 539
"D:/CryoVR/CryoVR_Aquilos2/Content/Aquilos/Materials/HL/Enum_MaterialType.uasset" 540
"D:/CryoVR/CryoVR_Aquilos2/Content/CryoVR_GeneralContent/Menu/UndoButton.uasset" 541
"D:/CryoVR/CryoVR_Aquilos2/Content/Aquilos/Blueprints/BP_Indication_Hand.uasset" 542
"D:/CryoVR/CryoVR_Aquilos2/Content/VirtualRealityBP/Maps/Aquilos2_Tutorial.umap" 543
"../../../Engine/Content/Maps/Entry_BuiltData.uasset" 544
"../../../Engine/Content/Maps/Entry.umap" 545
