"../../../Engine/Content/Animation/DefaultAnimBoneCompressionSettings.uasset" 0
"../../../Engine/Content/Animation/DefaultAnimCurveCompressionSettings.uasset" 1
"../../../Engine/Content/EngineMaterials/T_Default_Material_Grid_N.uasset" 2
"../../../Engine/Content/EngineMaterials/T_Default_Material_Grid_M.uasset" 3
"../../../Engine/Content/Functions/Engine_MaterialFunctions01/Opacity/CameraDepthFade.uasset" 4
"../../../Engine/Content/EngineMaterials/WorldGridMaterial.uasset" 5
"../../../Engine/Content/ArtTools/RenderToTexture/Meshes/S_1_Unit_Plane.uasset" 6
"../../../Engine/Content/EngineMaterials/DefaultMaterial.uasset" 7
"../../../Engine/Content/BasicShapes/Cone.uasset" 8
"../../../Engine/Content/EditorLandscapeResources/DataLayer.uasset" 9
"../../../Engine/Content/EditorLandscapeResources/DefaultAlphaTexture.uasset" 10
"../../../Engine/Content/EditorMaterials/MAT_Groups_Toggle.uasset" 11
"../../../Engine/Content/EditorMaterials/MAT_Groups_Visibility.uasset" 12
"../../../Engine/Content/EditorMaterials/PreviewShadowIndicator.uasset" 13
"../../../Engine/Content/EditorMaterials/PreviewShadowIndicatorMaterial.uasset" 14
"../../../Engine/Content/EditorMaterials/MatineeGroups/MAT_ColorTrack.uasset" 15
"../../../Engine/Content/EditorMaterials/MatineeGroups/MAT_Groups_Anim.uasset" 16
"../../../Engine/Content/EditorMaterials/MatineeGroups/MAT_Groups_AudioMaster.uasset" 17
"../../../Engine/Content/EditorMaterials/MatineeGroups/MAT_Groups_Director.uasset" 18
"../../../Engine/Content/EditorMaterials/MatineeGroups/MAT_Groups_Event.uasset" 19
"../../../Engine/Content/EditorMaterials/MatineeGroups/MAT_Groups_Fade.uasset" 20
"../../../Engine/Content/EditorMaterials/MatineeGroups/MAT_Groups_Float.uasset" 21
"../../../Engine/Content/EditorMaterials/MatineeGroups/MAT_Groups_Move.uasset" 22
"../../../Engine/Content/EditorMaterials/MatineeGroups/MAT_Groups_Slomo.uasset" 23
"../../../Engine/Content/EditorMaterials/MatineeGroups/MAT_Groups_Sound.uasset" 24
"../../../Engine/Content/EditorMaterials/MatineeGroups/MAT_Groups_Vector.uasset" 25
"../../../Engine/Content/EditorMaterials/ParticleSystems/PSysThumbnail_NoImage.uasset" 26
"../../../Engine/Content/EditorMaterials/ParticleSystems/PSysThumbnail_OOD.uasset" 27
"../../../Engine/Content/EditorMaterials/Camera/CineMat.uasset" 28
"../../../Engine/Content/EditorMaterials/Camera/MI_CineMat_Rig.uasset" 29
"../../../Engine/Content/EditorMeshes/Camera/SM_CraneRig_Arm.uasset" 30
"../../../Engine/Content/EditorMeshes/Camera/SM_CraneRig_Base.uasset" 31
"../../../Engine/Content/EditorMeshes/Camera/SM_CraneRig_Body.uasset" 32
"../../../Engine/Content/EditorMeshes/Camera/SM_CraneRig_Mount.uasset" 33
"../../../Engine/Content/EditorMeshes/Camera/SM_RailRig_Mount.uasset" 34
"../../../Engine/Content/EditorMeshes/Camera/SM_RailRig_Track.uasset" 35
"../../../Engine/Content/EditorResources/BSPVertex.uasset" 36
"../../../Engine/Content/EditorResources/EmptyActor.uasset" 37
"../../../Engine/Content/EditorResources/S_Actor.uasset" 38
"../../../Engine/Content/EditorResources/S_Note.uasset" 39
"../../../Engine/Content/EditorResources/S_Solver.uasset" 40
"../../../Engine/Content/EditorResources/S_Terrain.uasset" 41
"../../../Engine/Content/EditorResources/S_Trigger.uasset" 42
"../../../Engine/Content/EditorResources/LightIcons/S_LightError.uasset" 43
"../../../Engine/Content/EditorResources/SequenceRecorder/Countdown.uasset" 44
"../../../Engine/Content/EditorResources/SequenceRecorder/RecordingIndicator.uasset" 45
"../../../Engine/Content/EngineDamageTypes/DmgTypeBP_Environmental.uasset" 46
"../../../Engine/Content/EngineDebugMaterials/DebugEditorMaterial.uasset" 47
"../../../Engine/Content/EngineDebugMaterials/DebugMeshMaterial.uasset" 48
"../../../Engine/Content/EngineDebugMaterials/M_SimpleUnlitTranslucent.uasset" 49
"../../../Engine/Content/EngineDebugMaterials/VolumeToRender.uasset" 50
"../../../Engine/Content/Functions/Engine_MaterialFunctions02/Utility/CameraDirectionVector.uasset" 51
"../../../Engine/Content/EngineDebugMaterials/M_VolumeRenderSphereTracePP.uasset" 52
"../../../Engine/Content/Functions/Engine_MaterialFunctions01/Shading/ConvertFromDiffSpec.uasset" 53
"../../../Engine/Content/EngineDebugMaterials/VertexColorMaterial.uasset" 54
"../../../Engine/Content/EngineDebugMaterials/WireframeMaterial.uasset" 55
"../../../Engine/Content/EngineFonts/Faces/RobotoRegular.uasset" 56
"../../../Engine/Content/EngineFonts/Faces/RobotoLight.uasset" 57
"../../../Engine/Content/EngineFonts/Faces/RobotoItalic.uasset" 58
"../../../Engine/Content/EngineFonts/Faces/RobotoBoldItalic.uasset" 59
"../../../Engine/Content/EngineFonts/Faces/RobotoBold.uasset" 60
"../../../Engine/Content/EngineFonts/Faces/DroidSansFallback.uasset" 61
"../../../Engine/Content/EngineFonts/Roboto.uasset" 62
"../../../Engine/Content/EngineMaterials/BaseFlattenNormalMap.uasset" 63
"../../../Engine/Content/EngineMaterials/BaseFlattenGrayscaleMap.uasset" 64
"../../../Engine/Content/EngineMaterials/BaseFlattenEmissiveMap.uasset" 65
"../../../Engine/Content/EngineMaterials/BaseFlattenDiffuseMap.uasset" 66
"../../../Engine/Content/EngineMaterials/BaseFlattenMaterial.uasset" 67
"../../../Engine/Content/EngineMaterials/BlueNoise.uasset" 68
"../../../Engine/Content/EngineMaterials/DefaultBloomKernel.uasset" 69
"../../../Engine/Content/EngineMaterials/DefaultBokeh.uasset" 70
"../../../Engine/Content/EngineMaterials/DefaultDiffuse.uasset" 71
"../../../Engine/Content/EngineMaterials/DefaultDeferredDecalMaterial.uasset" 72
"../../../Engine/Content/EngineMaterials/DefaultLightFunctionMaterial.uasset" 73
"../../../Engine/Content/EngineMaterials/DefaultPhysicalMaterial.uasset" 74
"../../../Engine/Content/Functions/Engine_MaterialFunctions02/Utility/BreakOutFloat2Components.uasset" 75
"../../../Engine/Content/EngineMaterials/DefaultPostProcessMaterial.uasset" 76
"../../../Engine/Content/EngineFonts/RobotoDistanceField.uasset" 77
"../../../Engine/Content/EngineMaterials/DefaultTextMaterialOpaque.uasset" 78
"../../../Engine/Content/EngineMaterials/DefaultWhiteGrid.uasset" 79
"../../../Engine/Content/EngineMaterials/DefaultWhiteGrid_Low.uasset" 80
"../../../Engine/Content/EngineMaterials/EmissiveMeshMaterial.uasset" 81
"../../../Engine/Content/EngineMaterials/GizmoMaterial.uasset" 82
"../../../Engine/Content/EngineMaterials/MiniFont.uasset" 83
"../../../Engine/Content/EngineMaterials/InvalidLightmapSettings.uasset" 84
"../../../Engine/Content/EngineMaterials/M_InvalidLightmapSettings.uasset" 85
"../../../Engine/Content/Functions/Engine_MaterialFunctions02/WorldPositionOffset/CameraOffset.uasset" 86
"../../../Engine/Content/EngineMaterials/PhAT_JointLimitMaterial.uasset" 87
"../../../Engine/Content/EngineMaterials/PreintegratedSkinBRDF.uasset" 88
"../../../Engine/Content/EngineMaterials/RemoveSurfaceMaterial.uasset" 89
"../../../Engine/Content/EngineMaterials/WeightMapPlaceholderTexture.uasset" 90
"../../../Engine/Content/EngineResources/WhiteSquareTexture.uasset" 91
"../../../Engine/Content/EngineMaterials/Widget3DPassThrough.uasset" 92
"../../../Engine/Content/EngineMaterials/Widget3DPassThrough_Masked.uasset" 93
"../../../Engine/Content/EngineMaterials/Widget3DPassThrough_Opaque.uasset" 94
"../../../Engine/Content/EngineMaterials/Widget3DPassThrough_Masked_OneSided.uasset" 95
"../../../Engine/Content/EngineMaterials/Widget3DPassThrough_Opaque_OneSided.uasset" 96
"../../../Engine/Content/EngineMaterials/Widget3DPassThrough_Translucent.uasset" 97
"../../../Engine/Content/EngineMaterials/Widget3DPassThrough_Translucent_OneSided.uasset" 98
"../../../Engine/Content/EngineMeshes/Cylinder.uasset" 99
"../../../Engine/Content/EngineMeshes/Sphere.uasset" 100
"../../../Engine/Content/EngineResources/Black.uasset" 101
"../../../Engine/Content/EngineResources/DefaultTextureCube.uasset" 102
"../../../Engine/Content/EngineResources/DefaultVolumeTexture2D.uasset" 103
"../../../Engine/Content/EngineResources/DefaultVolumeTexture.uasset" 104
"../../../Engine/Content/EngineResources/GradientTexture0.uasset" 105
"../../../Engine/Content/EngineSky/VolumetricClouds/T_NoiseShape64.uasset" 106
"../../../Engine/Content/EngineSky/VolumetricClouds/T_VolumeNoiseShape64.uasset" 107
"../../../Engine/Content/EngineSky/VolumetricClouds/T_NoiseErosion.uasset" 108
"../../../Engine/Content/EngineSky/VolumetricClouds/T_VolumeNoiseErosion32.uasset" 109
"../../../Engine/Content/EngineSky/VolumetricClouds/CloudWeatherTexture.uasset" 110
"../../../Engine/Content/EngineSky/VolumetricClouds/CloudGradientTexture.uasset" 111
"../../../Engine/Content/Functions/Engine_MaterialFunctions02/Utility/MakeFloat2.uasset" 112
"../../../Engine/Content/EngineSky/VolumetricClouds/m_SimpleVolumetricCloud.uasset" 113
"../../../Engine/Content/EngineSky/VolumetricClouds/m_SimpleVolumetricCloud_Inst.uasset" 114
"../../../Engine/Content/EngineSounds/Master.uasset" 115
"../../../Engine/Content/Functions/Engine_MaterialFunctions01/Shading/PowerToRoughness.uasset" 116
"../../../Engine/Content/Maps/Templates/Thumbnails/Default.uasset" 117
"../../../Engine/Content/Maps/Templates/Thumbnails/TimeOfDay.uasset" 118
"../../../Engine/Content/Maps/Templates/Thumbnails/VR-Basic.uasset" 119
"../../../Engine/Content/MobileResources/T_MobileControls_texture.uasset" 120
"../../../Engine/Content/MobileResources/T_MobileMenu2.uasset" 121
"../../../Engine/Content/MobileResources/HUD/AnalogHat.uasset" 122
"../../../Engine/Content/MobileResources/HUD/VirtualJoystick_Thumb.uasset" 123
"../../../Engine/Content/MobileResources/HUD/VirtualJoystick_Background.uasset" 124
"../../../Engine/Content/MobileResources/HUD/DefaultVirtualJoysticks.uasset" 125
"../../../Engine/Content/MobileResources/HUD/LeftVirtualJoystickOnly.uasset" 126
"../../../Engine/Content/MobileResources/HUD/MobileHUDButton1_off.uasset" 127
"../../../Engine/Content/MobileResources/HUD/MobileHUDButton1_on.uasset" 128
"../../../Engine/Content/MobileResources/HUD/MobileHUDButton2_off.uasset" 129
"../../../Engine/Content/MobileResources/HUD/MobileHUDButton2_on.uasset" 130
"../../../Engine/Content/MobileResources/HUD/MobileHUDButton3.uasset" 131
"../../../Engine/Content/MobileResources/HUD/MobileHUDButtonFire.uasset" 132
"../../../Engine/Content/MobileResources/HUD/MobileHUDDirectionPad.uasset" 133
"../../../Engine/Content/MobileResources/HUD/MobileHUDDirectionPad2.uasset" 134
"../../../Engine/Content/MobileResources/HUD/MobileHUDDirectionPad3.uasset" 135
"../../../Engine/Content/MobileResources/HUD/MobileHUDDirectionStick.uasset" 136
"../../../Engine/Content/MobileResources/HUD/T_Castle_ThumbstickInner.uasset" 137
"../../../Engine/Content/MobileResources/HUD/T_Castle_ThumbstickOutter.uasset" 138
"../../../Engine/Content/Tutorial/ContentIntroCurve.uasset" 139
"../../../Engine/Content/Tutorial/Basics/LevelEditorAttract.uasset" 140
"../../../Engine/Content/VREditor/TransformGizmo/TranslucentTransformGizmoMaterial.uasset" 141
"../../../Engine/Content/VREditor/LaserPointer/VR_LaserPower_01.uasset" 142
"../../../Engine/Content/VREditor/TransformGizmo/TransformGizmoMaterial.uasset" 143
"../../../Engine/Content/VREditor/TransformGizmo/BoundingBoxCorner.uasset" 144
"../../../Engine/Content/VREditor/TransformGizmo/BoundingBoxEdge.uasset" 145
"../../../Engine/Content/VREditor/TransformGizmo/PlaneTranslationHandle.uasset" 146
"../../../Engine/Content/VREditor/TransformGizmo/Xray.uasset" 147
"../../../Engine/Content/VREditor/TransformGizmo/Main.uasset" 148
"../../../Engine/Content/VREditor/TransformGizmo/SM_Sequencer_Key.uasset" 149
"../../../Engine/Content/VREditor/TransformGizmo/SM_Sequencer_Node.uasset" 150
"../../Plugins/2D/Paper2D/Content/PlaceholderTextures/DummySpriteTexture.uasset" 151
"../../Plugins/2D/Paper2D/Content/DummySprite.uasset" 152
"../../Plugins/2D/Paper2D/Content/DefaultPaperTerrainMaterial.uasset" 153
"../../Plugins/2D/Paper2D/Content/DefaultSpriteMaterial.uasset" 154
"../../Plugins/2D/Paper2D/Content/MaskedUnlitSpriteMaterial.uasset" 155
"../../Plugins/2D/Paper2D/Content/OpaqueUnlitSpriteMaterial.uasset" 156
"../../../Engine/Content/Functions/Engine_MaterialFunctions02/Utility/BreakOutFloat3Components.uasset" 157
"../../Plugins/Editor/SpeedTreeImporter/Content/SpeedTree9/UnpackInteger3.uasset" 158
"../../Plugins/Editor/SpeedTreeImporter/Content/SpeedTree9/UnpackDirection.uasset" 159
"../../Plugins/Editor/SpeedTreeImporter/Content/SpeedTree9/game_wind_noise.uasset" 160
"../../../Engine/Content/Functions/Engine_MaterialFunctions02/SafeNormalize.uasset" 161
"../../Plugins/Editor/SpeedTreeImporter/Content/SpeedTree9/SpeedTreeWindMotion.uasset" 162
"../../Plugins/Editor/SpeedTreeImporter/Content/SpeedTree9/SpeedTreeBranchMotion.uasset" 163
"../../../Engine/Content/Functions/Engine_MaterialFunctions02/ObjectLocalBounds.uasset" 164
"../../../Engine/Content/Functions/Engine_MaterialFunctions02/UVs/BoundingBoxBased_0-1_UVW.uasset" 165
"../../Plugins/Editor/SpeedTreeImporter/Content/SpeedTree9/SpeedTreeWind.uasset" 166
"../../Plugins/Editor/SpeedTreeImporter/Content/SpeedTree9/SpeedTreeBillboard.uasset" 167
"../../../Engine/Content/EngineResources/DefaultTexture.uasset" 168
"../../Plugins/Editor/SpeedTreeImporter/Content/SpeedTree9/SpeedTreeBillboardMaster.uasset" 169
"../../Plugins/Editor/SpeedTreeImporter/Content/SpeedTree9/SpeedTreeCameraFacing.uasset" 170
"../../Plugins/Editor/SpeedTreeImporter/Content/SpeedTree9/SpeedTreeMaster.uasset" 171
"../../../Engine/Content/ArtTools/RenderToTexture/Materials/Debug/M_Emissive_Color.uasset" 172
"../../../Engine/Content/BasicShapes/Cylinder.uasset" 173
"../../Plugins/Lumin/MagicLeapPassableWorld/Content/MagicLeapARPinInfoActor.uasset" 174
"../../../Engine/Content/Functions/Engine_MaterialFunctions02/Utility/BreakOutFloat4Components.uasset" 175
"../../../Engine/Content/Functions/Engine_MaterialFunctions02/Utility/MakeFloat3.uasset" 176
"../../Plugins/Runtime/Oculus/OculusVR/Content/Materials/OculusMR_ChromaKey.uasset" 177
"../../Plugins/Runtime/Oculus/OculusVR/Content/Materials/OculusMR_OpaqueColoredMaterial.uasset" 178
"../../Plugins/Runtime/Oculus/OculusVR/Content/Materials/PokeAHoleMaterial.uasset" 179
"../../../../CryoVR_Aquilos2/Content/VR_Hands/Meshes/VRHand_Right_PhysicsAsset.uasset" 180
"../../../../CryoVR_Aquilos2/Content/VR_Hands/Textures/SSS/T_Hand_SSS.uasset" 181
"../../../../CryoVR_Aquilos2/Content/VirtualReality/Mannequin/Character/Textures/T_StylizedManHand_ORM.uasset" 182
"../../../../CryoVR_Aquilos2/Content/VirtualReality/Mannequin/Character/Textures/T_StylizedManHand_BC.uasset" 183
"../../../../CryoVR_Aquilos2/Content/VR_Hands/Textures/T_Example_N.uasset" 184
"../../../../CryoVR_Aquilos2/Content/VR_Hands/Textures/T_Example_BC.uasset" 185
"../../../../CryoVR_Aquilos2/Content/VR_Hands/Materials/Shaders/M_Master.uasset" 186
"../../../../CryoVR_Aquilos2/Content/VirtualReality/Mannequin/Character/Materials/MI_StylizedManHand.uasset" 187
"../../../../CryoVR_Aquilos2/Content/VirtualReality/Mannequin/Character/Mesh/MannequinHand_Right_Skeleton.uasset" 188
"../../../../CryoVR_Aquilos2/Content/VirtualReality/Mannequin/Character/Mesh/StylizedManHand_Right.uasset" 189
"../../../../CryoVR_Aquilos2/Content/Models/Textures/WorkstationOpacityTex.uasset" 190
"../../../../CryoVR_Aquilos2/Content/Models/Textures/T_MacroVariation.uasset" 191
"../../../../CryoVR_Aquilos2/Content/Models/01M_Metal_Chrome.uasset" 192
"../../../../CryoVR_Aquilos2/Content/Models/Tweezer_gridMat_inst.uasset" 193
"../../../../CryoVR_Aquilos2/Content/Models/Tweezer.uasset" 194
"../../../../CryoVR_Aquilos2/Content/Laboratory_Equipment/Meshes/Table.uasset" 195
"../../../../CryoVR_Aquilos2/Content/CryoVR_GeneralContent/Sound/S_FinishTask.uasset" 196
"../../../../CryoVR_Aquilos2/Content/Aquilos/Test_ModelsTexture/lambert2.uasset" 197
"../../../../CryoVR_Aquilos2/Content/Aquilos/Test_ModelsTexture/aquilos_inner.uasset" 198
"../../../../CryoVR_Aquilos2/Content/Aquilos/Test_ModelsTexture/aquilos_pot_w_separate_textures.uasset" 199
"../../../../CryoVR_Aquilos2/Content/Aquilos/Meshes/aquilos_rod.uasset" 200
"../../../../CryoVR_Aquilos2/Content/Aquilos/Meshes/Workstation_Cap.uasset" 201
"../../../../CryoVR_Aquilos2/Content/Aquilos/Meshes/top_knob.uasset" 202
"../../../../CryoVR_Aquilos2/Content/Aquilos/Meshes/Standard_Tweezers.uasset" 203
"../../../../CryoVR_Aquilos2/Content/Aquilos/Meshes/ScrewDriver.uasset" 204
"../../../../CryoVR_Aquilos2/Content/Aquilos/Meshes/clippen_polySurface1.uasset" 205
"../../../../CryoVR_Aquilos2/Content/Aquilos/Meshes/aquilos_table.uasset" 206
"../../../../CryoVR_Aquilos2/Content/Aquilos/Meshes/aquilos_cap.uasset" 207
"../../../../CryoVR_Aquilos2/Content/Aquilos/Blueprints/Enum_Valve_Status.uasset" 208
"../../../../CryoVR_Aquilos2/Content/Aquilos/Blueprints/Enum_ToolSockets_Status.uasset" 209
"../../../../CryoVR_Aquilos2/Content/Aquilos/Blueprints/Enum_Slider_Position.uasset" 210
"../../../../CryoVR_Aquilos2/Content/Aquilos/Blueprints/Enum_ShuttleScrew_Status.uasset" 211
"../../../../CryoVR_Aquilos2/Content/Aquilos/Blueprints/Enum_Shuttle_Status.uasset" 212
"../../../../CryoVR_Aquilos2/Content/Aquilos/Blueprints/Enum_Rod_AttachTo.uasset" 213
"../../../../CryoVR_Aquilos2/Content/Aquilos/Blueprints/Enum_Lock_Status.uasset" 214
"../../../../CryoVR_Aquilos2/Content/Aquilos/Blueprints/Enum_GridBox_Status.uasset" 215
"../../../../CryoVR_Aquilos2/Content/Aquilos/Blueprints/Enum_Grid_Status.uasset" 216
"../../../../CryoVR_Aquilos2/Content/Aquilos/Aquilos2_Enum.uasset" 217
"../../../Engine/Content/EngineSky/T_Sky_Stars.uasset" 218
"../../../Engine/Content/EngineSky/T_Sky_Clouds_M.uasset" 219
"../../../Engine/Content/EngineSky/T_Sky_Blue.uasset" 220
"../../../../CryoVR_Aquilos2/Content/Laboratory_Equipment/Textures/T_Atlas_1_R.uasset" 221
"../../../../CryoVR_Aquilos2/Content/Laboratory_Equipment/Textures/T_Atlas_1_N.uasset" 222
"../../../../CryoVR_Aquilos2/Content/Laboratory_Equipment/Textures/T_Atlas_1_M.uasset" 223
"../../../../CryoVR_Aquilos2/Content/Laboratory_Equipment/Textures/T_Atlas_1_D.uasset" 224
"../../../../CryoVR_Aquilos2/Content/Laboratory_Equipment/Materials/Base_Material/M_Atlas_1.uasset" 225
"../../../../CryoVR_Aquilos2/Content/Laboratory_Equipment/Materials/Instance_Material/M_Atlas_1_Inst.uasset" 226
"../../../../CryoVR_Aquilos2/Content/CryoVR_GeneralContent/Materials/MatHighlight/MF_SampleSceneTextureNeighbourUVs.uasset" 227
"../../../../CryoVR_Aquilos2/Content/CryoVR_GeneralContent/Materials/MatHighlight/MF_ExtractDepth.uasset" 228
"../../../../CryoVR_Aquilos2/Content/CryoVR_GeneralContent/Materials/MatHighlight/PPM_Outline.uasset" 229
"../../../../CryoVR_Aquilos2/Content/CryoVR_GeneralContent/Materials/MatHighlight/PPM_Outline_Inst.uasset" 230
"../../../../CryoVR_Aquilos2/Content/CryoVR_GeneralContent/Materials/M_Ghost_Breath.uasset" 231
"../../../../CryoVR_Aquilos2/Content/CryoVR_GeneralContent/Materials/M_Ghost_Breath_Inst.uasset" 232
"../../../../CryoVR_Aquilos2/Content/Aquilos/Test_ModelsTexture/FineGold_1K_roughness.uasset" 233
"../../../../CryoVR_Aquilos2/Content/Aquilos/Test_ModelsTexture/FineGold_1K_normal.uasset" 234
"../../../../CryoVR_Aquilos2/Content/Aquilos/Test_ModelsTexture/FineGold_1K_metallic.uasset" 235
"../../../../CryoVR_Aquilos2/Content/Aquilos/Test_ModelsTexture/FineGold_1K_albedo.uasset" 236
"../../../../CryoVR_Aquilos2/Content/Aquilos/Test_ModelsTexture/aquilos_pot_innergear_gold_blinn.uasset" 237
"../../../../CryoVR_Aquilos2/Content/Aquilos/Textures/knob3_lambert1_OcclusionRoughnessMetallic.uasset" 238
"../../../../CryoVR_Aquilos2/Content/Aquilos/Textures/knob3_lambert1_Normal.uasset" 239
"../../../../CryoVR_Aquilos2/Content/Aquilos/Textures/knob3_lambert1_BaseColor.uasset" 240
"../../../../CryoVR_Aquilos2/Content/Aquilos/Materials/M_Top_Knob.uasset" 241
"../../../../CryoVR_Aquilos2/Content/Aquilos/Textures/aquilos_table_lambert1_OcclusionRoughnessMetallic.uasset" 242
"../../../../CryoVR_Aquilos2/Content/Aquilos/Textures/aquilos_table_lambert1_Normal.uasset" 243
"../../../../CryoVR_Aquilos2/Content/Aquilos/Textures/aquilos_table_lambert1_BaseColor.uasset" 244
"../../../../CryoVR_Aquilos2/Content/Aquilos/Materials/M_Aquilos_Table.uasset" 245
"../../../Engine/Content/EngineSky/M_Sky_Panning_Clouds2.uasset" 246
"../../../Engine/Content/EditorMeshes/ColorCalibrator/M_GreyBall.uasset" 247
"../../../Engine/Content/EditorMeshes/ColorCalibrator/M_ChromeBall.uasset" 248
"../../../../CryoVR_Aquilos2/Content/VirtualRealityBP/Maps/Aquilos2_Exam_BuiltData.uasset" 249
"../../../../CryoVR_Aquilos2/Content/VirtualRealityBP/Blueprints/MotionControllerHaptics.uasset" 250
"../../../../CryoVR_Aquilos2/Content/VirtualReality/Meshes/SM_FatCylinder.uasset" 251
"../../../../CryoVR_Aquilos2/Content/VirtualReality/Meshes/BeamMesh.uasset" 252
"../../../../CryoVR_Aquilos2/Content/VirtualReality/Meshes/BeaconDirection.uasset" 253
"../../../../CryoVR_Aquilos2/Content/VirtualReality/Meshes/1x1_cube.uasset" 254
"../../../Engine/Content/EngineMaterials/Good64x64TilingNoiseHighFreq.uasset" 255
"../../../../CryoVR_Aquilos2/Content/VirtualReality/Materials/TeleportMCP.uasset" 256
"../../../Engine/Content/Functions/Engine_MaterialFunctions02/ScreenResolution.uasset" 257
"../../../Engine/Content/Functions/Engine_MaterialFunctions01/Texturing/ScaleUVsByCenter.uasset" 258
"../../../Engine/Content/Functions/Engine_MaterialFunctions02/Texturing/ScreenAlignedUVs.uasset" 259
"../../../Engine/Content/Functions/Engine_MaterialFunctions02/Utility/DepthFromWorldPosition.uasset" 260
"../../../../CryoVR_Aquilos2/Content/VirtualReality/Materials/MF_OccludedPixels.uasset" 261
"../../../../CryoVR_Aquilos2/Content/VirtualReality/Materials/M_SplineArcMat.uasset" 262
"../../../../CryoVR_Aquilos2/Content/VirtualReality/Materials/M_ArcEndpoint.uasset" 263
"../../../../CryoVR_Aquilos2/Content/VirtualReality/Materials/M_TeleportPreviews.uasset" 264
"../../../../CryoVR_Aquilos2/Content/VirtualReality/Materials/MI_TeleportCylinderPreview.uasset" 265
"../../../../CryoVR_Aquilos2/Content/VirtualReality/Materials/MI_ChaperoneOutline.uasset" 266
"../../../../CryoVR_Aquilos2/Content/VirtualReality/Mannequin/Character/Textures/T_StylizedManHand_TX.uasset" 267
"../../../../CryoVR_Aquilos2/Content/VirtualReality/Mannequin/Character/Materials/MI_StylizedManHand_Inst.uasset" 268
"../../../../CryoVR_Aquilos2/Content/VirtualReality/Mannequin/Animations/PickupTinyAnimation.uasset" 269
"../../../../CryoVR_Aquilos2/Content/VirtualReality/Mannequin/Animations/MannequinHand_Right_Open.uasset" 270
"../../../../CryoVR_Aquilos2/Content/VirtualReality/Mannequin/Animations/MannequinHand_Right_GrabPipet.uasset" 271
"../../../../CryoVR_Aquilos2/Content/VirtualReality/Mannequin/Animations/MannequinHand_Right_Grab.uasset" 272
"../../../../CryoVR_Aquilos2/Content/VirtualReality/Mannequin/Animations/MannequinHand_Right_CanGrab.uasset" 273
"../../../../CryoVR_Aquilos2/Content/VirtualReality/Mannequin/Animations/PointAnimation.uasset" 274
"../../../../CryoVR_Aquilos2/Content/VirtualReality/Mannequin/Animations/RightHandGesture_BS.uasset" 275
"../../../../CryoVR_Aquilos2/Content/VirtualReality/Mannequin/Animations/RightGrip_BS.uasset" 276
"../../../../CryoVR_Aquilos2/Content/VirtualReality/Mannequin/Animations/RightHand_AnimBP.uasset" 277
"../../../../CryoVR_Aquilos2/Content/VirtualRealityBP/Blueprints/PickupActorInterface.uasset" 278
"../../../Engine/Content/BasicShapes/Sphere.uasset" 279
"../../../Engine/Content/EditorBlueprintResources/StandardMacros.uasset" 280
"../../../../CryoVR_Aquilos2/Content/VirtualRealityBP/Blueprints/BP_MotionController.uasset" 281
"../../../../CryoVR_Aquilos2/Content/VirtualRealityBP/Blueprints/MotionControllerPawn.uasset" 282
"../../../../CryoVR_Aquilos2/Content/VirtualReality/Materials/M_BaseMaterial.uasset" 283
"../../../../CryoVR_Aquilos2/Content/VirtualReality/Materials/MI_SmallCubes.uasset" 284
"../../../../CryoVR_Aquilos2/Content/CryoVR_GeneralContent/Blueprints/S_InputTick.uasset" 285
"../../../../CryoVR_Aquilos2/Content/CryoVR_GeneralContent/Blueprints/Global_Arrays.uasset" 286
"../../../../CryoVR_Aquilos2/Content/CryoVR_GeneralContent/Blueprints/BP_Floor.uasset" 287
"../../../../CryoVR_Aquilos2/Content/CryoVR_GeneralContent/Blueprints/BPC_FloorEvent.uasset" 288
"../../../../CryoVR_Aquilos2/Content/VirtualRealityBP/Blueprints/BP_PickupCube.uasset" 289
"../../../../CryoVR_Aquilos2/Content/Laboratory_Equipment/Textures/T_Atlas_5_R.uasset" 290
"../../../../CryoVR_Aquilos2/Content/Laboratory_Equipment/Textures/T_Atlas_5_N.uasset" 291
"../../../../CryoVR_Aquilos2/Content/Laboratory_Equipment/Textures/T_Atlas_5_M.uasset" 292
"../../../../CryoVR_Aquilos2/Content/Laboratory_Equipment/Textures/T_Atlas_5_Emissiv.uasset" 293
"../../../../CryoVR_Aquilos2/Content/Laboratory_Equipment/Textures/T_Atlas_5_D.uasset" 294
"../../../../CryoVR_Aquilos2/Content/Laboratory_Equipment/Materials/Base_Material/M_Atlas_5.uasset" 295
"../../../../CryoVR_Aquilos2/Content/Laboratory_Equipment/Materials/Instance_Material/M_Atlas_5_Inst.uasset" 296
"../../../../CryoVR_Aquilos2/Content/Laboratory_Equipment/Materials/Base_Material/M_Glass.uasset" 297
"../../../../CryoVR_Aquilos2/Content/Laboratory_Equipment/Materials/Instance_Material/M_Glass_Inst.uasset" 298
"../../../../CryoVR_Aquilos2/Content/Laboratory_Equipment/Meshes/Wall_400x400.uasset" 299
"../../../../CryoVR_Aquilos2/Content/Laboratory_Equipment/Meshes/Floor_200x200.uasset" 300
"../../../../CryoVR_Aquilos2/Content/Laboratory_Equipment/Meshes/Ceiling_200x200_3.uasset" 301
"../../../../CryoVR_Aquilos2/Content/Laboratory_Equipment/Meshes/Ceiling_200x200_2.uasset" 302
"../../../../CryoVR_Aquilos2/Content/Laboratory_Equipment/Meshes/Ceiling_200x200_1.uasset" 303
"../../../../CryoVR_Aquilos2/Content/Laboratory_Equipment/Materials/Base_Material/M_Basic_Wall.uasset" 304
"../../../../CryoVR_Aquilos2/Content/Laboratory_Equipment/Materials/Instance_Material/M_Basic_Wall_Inst.uasset" 305
"../../../../CryoVR_Aquilos2/Content/Laboratory_Equipment/BP_CryoVR_Room.uasset" 306
"../../../../CryoVR_Aquilos2/Content/StarterContent/Materials/M_Basic_Wall.uasset" 307
"../../../Engine/Content/BasicShapes/Cube.uasset" 308
"../../../../CryoVR_Aquilos2/Content/CryoVR_GeneralContent/Menu/ReplayButton.uasset" 309
"../../../../CryoVR_Aquilos2/Content/CryoVR_GeneralContent/Menu/FinishButton.uasset" 310
"../../../../CryoVR_Aquilos2/Content/CryoVR_GeneralContent/Blueprints/CryoVR_Function_Library.uasset" 311
"../../../../CryoVR_Aquilos2/Content/CryoVR_GeneralContent/Blueprints/BPC_PlayerInputRecorder.uasset" 312
"../../../../CryoVR_Aquilos2/Content/CryoVR_GeneralContent/UI/CP3_UI_RotateArrowMesh.uasset" 313
"../../../../CryoVR_Aquilos2/Content/CryoVR_GeneralContent/UI/arrow.uasset" 314
"../../../../CryoVR_Aquilos2/Content/CryoVR_GeneralContent/UI/CP3_UI_RArrowMat.uasset" 315
"../../../../CryoVR_Aquilos2/Content/CryoVR_GeneralContent/Blueprints/BP_RotateArrow.uasset" 316
"../../../Engine/Content/BasicShapes/BasicShapeMaterial.uasset" 317
"../../../Engine/Content/BasicShapes/Plane.uasset" 318
"../../../../CryoVR_Aquilos2/Content/CryoVR_GeneralContent/Blueprints/BP_RedeemCodeBoard.uasset" 319
"../../../../CryoVR_Aquilos2/Content/CryoVR_GeneralContent/Materials/M_Master_PureColor.uasset" 320
"../../../../CryoVR_Aquilos2/Content/CryoVR_GeneralContent/Materials/M_Master_PureColor_Inst_White.uasset" 321
"../../../../CryoVR_Aquilos2/Content/CryoVR_GeneralContent/Blueprints/BP_InstructionBoard.uasset" 322
"../../../../CryoVR_Aquilos2/Content/CryoVR_GeneralContent/Blueprints/BP_CryoVRMotionControllerPawn.uasset" 323
"../../../../CryoVR_Aquilos2/Content/Aquilos/Meshes/side_knob.uasset" 324
"../../../../CryoVR_Aquilos2/Content/Aquilos/Blueprints/Indication_Knob_BP.uasset" 325
"../../../../CryoVR_Aquilos2/Content/Aquilos/Meshes/grid_box.uasset" 326
"../../../../CryoVR_Aquilos2/Content/Models/Tweezer_Grid.uasset" 327
"../../../../CryoVR_Aquilos2/Content/Aquilos/Meshes/lambert2.uasset" 328
"../../../../CryoVR_Aquilos2/Content/Aquilos/Meshes/lambert1.uasset" 329
"../../../../CryoVR_Aquilos2/Content/Aquilos/Meshes/aquilos_pot_innergear.uasset" 330
"../../../../CryoVR_Aquilos2/Content/Aquilos/Meshes/aquilos_pot_new.uasset" 331
"../../../../CryoVR_Aquilos2/Content/Aquilos/Particles/WaterSplash_Tex.uasset" 332
"../../../../CryoVR_Aquilos2/Content/Aquilos/Particles/WaterSplashMat.uasset" 333
"../../../../CryoVR_Aquilos2/Content/Aquilos/Particles/WaterSplash_P.uasset" 334
"../../../../CryoVR_Aquilos2/Content/Aquilos/UI/Cooldown_UI.uasset" 335
"../../../../CryoVR_Aquilos2/Content/Aquilos/Blueprints/BP_Tweezers.uasset" 336
"../../../Engine/Content/EngineDebugMaterials/BlackUnlitMaterial.uasset" 337
"../../../Engine/Content/EngineDebugMaterials/VertexColorViewMode_RedOnly.uasset" 338
"../../../../CryoVR_Aquilos2/Content/Aquilos/Blueprints/BP_ScrewDriver.uasset" 339
"../../../../CryoVR_Aquilos2/Content/Aquilos/Materials/MF_Highlight.uasset" 340
"../../../../CryoVR_Aquilos2/Content/Aquilos/Textures/clippen_main_BaseColor.uasset" 341
"../../../../CryoVR_Aquilos2/Content/Aquilos/Textures/clippen_main_Normal.uasset" 342
"../../../../CryoVR_Aquilos2/Content/Aquilos/Textures/clippen_main_OcclusionRoughnessMetallic.uasset" 343
"../../../../CryoVR_Aquilos2/Content/Aquilos/Materials/Clip_Pen.uasset" 344
"../../../../CryoVR_Aquilos2/Content/Aquilos/Blueprints/BP_Clippen.uasset" 345
"../../../../CryoVR_Aquilos2/Content/Aquilos/Blueprints/BP_Freeze_Dewar_Tweezer.uasset" 346
"../../../../CryoVR_Aquilos2/Content/Aquilos/Blueprints/BP_Workstation.uasset" 347
"../../../../CryoVR_Aquilos2/Content/Aquilos/Blueprints/BP_Workstation_Cap.uasset" 348
"../../../../CryoVR_Aquilos2/Content/Aquilos/Textures/knob5_0_lambert1_OcclusionRoughnessMetallic.uasset" 349
"../../../../CryoVR_Aquilos2/Content/Aquilos/Textures/knob5_0_lambert1_Normal.uasset" 350
"../../../../CryoVR_Aquilos2/Content/Aquilos/Textures/knob5_0_lambert1_BaseColor.uasset" 351
"../../../../CryoVR_Aquilos2/Content/Aquilos/Materials/M_Slide_Knob_Top.uasset" 352
"../../../../CryoVR_Aquilos2/Content/Aquilos/Meshes/slide_knob_bottom.uasset" 353
"../../../../CryoVR_Aquilos2/Content/Aquilos/Meshes/slide_knob_top.uasset" 354
"../../../../CryoVR_Aquilos2/Content/Aquilos/Textures/knob5_1_lambert1_OcclusionRoughnessMetallic.uasset" 355
"../../../../CryoVR_Aquilos2/Content/Aquilos/Textures/knob5_1_lambert1_Normal.uasset" 356
"../../../../CryoVR_Aquilos2/Content/Aquilos/Textures/knob5_1_lambert1_BaseColor.uasset" 357
"../../../../CryoVR_Aquilos2/Content/Aquilos/Materials/M_Slide_Knob_Bottom.uasset" 358
"../../../../CryoVR_Aquilos2/Content/Aquilos/Textures/knob6_lambert1_OcclusionRoughnessMetallic.uasset" 359
"../../../../CryoVR_Aquilos2/Content/Aquilos/Textures/knob6_lambert1_Normal.uasset" 360
"../../../../CryoVR_Aquilos2/Content/Aquilos/Textures/knob6_lambert1_BaseColor.uasset" 361
"../../../../CryoVR_Aquilos2/Content/Aquilos/Materials/M_Bottom_Knob.uasset" 362
"../../../../CryoVR_Aquilos2/Content/Aquilos/Meshes/bottom_knob.uasset" 363
"../../../../CryoVR_Aquilos2/Content/Aquilos/Textures/aquilos_rod_lambert1_OcclusionRoughnessMetallic.uasset" 364
"../../../../CryoVR_Aquilos2/Content/Aquilos/Textures/aquilos_rod_lambert1_Normal.uasset" 365
"../../../../CryoVR_Aquilos2/Content/Aquilos/Textures/aquilos_rod_lambert1_BaseColor.uasset" 366
"../../../../CryoVR_Aquilos2/Content/Aquilos/Materials/M_Aquilos_Rod.uasset" 367
"../../../../CryoVR_Aquilos2/Content/Aquilos/UI/Venting_UI.uasset" 368
"../../../Engine/Content/EditorMeshes/ColorCalibrator/M_ClearCoatBlack.uasset" 369
"../../../../CryoVR_Aquilos2/Content/Aquilos/Meshes/silver_panel1.uasset" 370
"../../../../CryoVR_Aquilos2/Content/Aquilos/Meshes/normal_yellow.uasset" 371
"../../../../CryoVR_Aquilos2/Content/Aquilos/Meshes/normal_white.uasset" 372
"../../../../CryoVR_Aquilos2/Content/Aquilos/Meshes/normal_silver.uasset" 373
"../../../../CryoVR_Aquilos2/Content/Aquilos/Meshes/normal_black.uasset" 374
"../../../../CryoVR_Aquilos2/Content/Aquilos/Meshes/green_lights.uasset" 375
"../../../../CryoVR_Aquilos2/Content/Aquilos/Meshes/digital_Screen.uasset" 376
"../../../../CryoVR_Aquilos2/Content/Aquilos/Meshes/deep_green_lights.uasset" 377
"../../../../CryoVR_Aquilos2/Content/Aquilos/Meshes/white_machine_model.uasset" 378
"../../../../CryoVR_Aquilos2/Content/Aquilos/Blueprints/BP_PumpMachine.uasset" 379
"../../../../CryoVR_Aquilos2/Content/Aquilos/UI/Pumping_UI.uasset" 380
"../../../../CryoVR_Aquilos2/Content/Aquilos/Meshes/aquilos_version3.uasset" 381
"../../../../CryoVR_Aquilos2/Content/Aquilos/Textures/aquilos_version3_lambert1_BaseColor.uasset" 382
"../../../../CryoVR_Aquilos2/Content/Aquilos/Textures/aquilos_version3_lambert1_Normal.uasset" 383
"../../../../CryoVR_Aquilos2/Content/Aquilos/Textures/aquilos_version3_lambert1_OcclusionRoughnessMetallic.uasset" 384
"../../../../CryoVR_Aquilos2/Content/Aquilos/Materials/M_Aquilos.uasset" 385
"../../../../CryoVR_Aquilos2/Content/Aquilos/Blueprints/BP_Aquilos.uasset" 386
"../../../../CryoVR_Aquilos2/Content/Aquilos/Textures/knob1_lambert1_OcclusionRoughnessMetallic.uasset" 387
"../../../../CryoVR_Aquilos2/Content/Aquilos/Textures/knob1_lambert1_Normal.uasset" 388
"../../../../CryoVR_Aquilos2/Content/Aquilos/Textures/knob1_lambert1_BaseColor.uasset" 389
"../../../../CryoVR_Aquilos2/Content/Aquilos/Materials/M_Fixing_Knob.uasset" 390
"../../../../CryoVR_Aquilos2/Content/Aquilos/Meshes/fixing_knob.uasset" 391
"../../../../CryoVR_Aquilos2/Content/Aquilos/Blueprints/BP_Fixing_Knob.uasset" 392
"../../../../CryoVR_Aquilos2/Content/Aquilos/Meshes/metal_box_combined.uasset" 393
"../../../../CryoVR_Aquilos2/Content/Aquilos/Meshes/metal_movable_panel.uasset" 394
"../../../../CryoVR_Aquilos2/Content/Aquilos/Blueprints/BP_LidChamber.uasset" 395
"../../../../CryoVR_Aquilos2/Content/Aquilos/Blueprints/BP_Rod.uasset" 396
"../../../../CryoVR_Aquilos2/Content/Aquilos/Blueprints/BP_Bottom_Knob.uasset" 397
"../../../../CryoVR_Aquilos2/Content/Aquilos/Blueprints/BP_Slide_Knob.uasset" 398
"../../../../CryoVR_Aquilos2/Content/Aquilos/Meshes/rod_side_knob.uasset" 399
"../../../../CryoVR_Aquilos2/Content/Aquilos/Textures/knob2_lambert1_OcclusionRoughnessMetallic.uasset" 400
"../../../../CryoVR_Aquilos2/Content/Aquilos/Textures/knob2_lambert1_Normal.uasset" 401
"../../../../CryoVR_Aquilos2/Content/Aquilos/Textures/knob2_lambert1_BaseColor.uasset" 402
"../../../../CryoVR_Aquilos2/Content/Aquilos/Materials/M_Aquilos_Side_Knob.uasset" 403
"../../../../CryoVR_Aquilos2/Content/Aquilos/Blueprints/BP_Side_Knob.uasset" 404
"../../../../CryoVR_Aquilos2/Content/Aquilos/Blueprints/BP_Side_Knob_for_Rod.uasset" 405
"../../../Engine/Content/EngineSky/SM_SkySphere.uasset" 406
"../../../Engine/Content/EngineSky/C_Sky_Zenith_Color.uasset" 407
"../../../Engine/Content/EngineSky/C_Sky_Horizon_Color.uasset" 408
"../../../Engine/Content/EngineSky/C_Sky_Cloud_Color.uasset" 409
"../../../Engine/Content/EngineSky/BP_Sky_Sphere.uasset" 410
"../../../../CryoVR_Aquilos2/Content/Aquilos/Textures/cap1_lambert1_OcclusionRoughnessMetallic.uasset" 411
"../../../../CryoVR_Aquilos2/Content/Aquilos/Textures/cap1_lambert1_Normal.uasset" 412
"../../../../CryoVR_Aquilos2/Content/Aquilos/Textures/cap1_lambert1_BaseColor.uasset" 413
"../../../../CryoVR_Aquilos2/Content/Aquilos/Materials/M_Aquilos_Cap.uasset" 414
"../../../../CryoVR_Aquilos2/Content/Aquilos/Blueprints/BP_Aquilos_Cap.uasset" 415
"../../../../CryoVR_Aquilos2/Content/CryoVR_GeneralContent/UI/CP3_UI_ForwardArrowMesh.uasset" 416
"../../../../CryoVR_Aquilos2/Content/CryoVR_GeneralContent/UI/CP3_UI_FArrowMat.uasset" 417
"../../../../CryoVR_Aquilos2/Content/CryoVR_GeneralContent/Blueprints/BP_ForwardArrow.uasset" 418
"../../../../CryoVR_Aquilos2/Content/Aquilos/Meshes/FreezeDewar.uasset" 419
"../../../../CryoVR_Aquilos2/Content/Aquilos/Blueprints/BP_Freeze_Dewar.uasset" 420
"../../../../CryoVR_Aquilos2/Content/VirtualRealityBP/Maps/Aquilos2_Exam.umap" 421
"../../../../CryoVR_Aquilos2/Content/VirtualRealityBP/Maps/Aquilos2_MainMenu_BuiltData.uasset" 422
"../../../../CryoVR_Aquilos2/Content/CryoVR_GeneralContent/Menu/MainMenuBar.uasset" 423
"../../../../CryoVR_Aquilos2/Content/CryoVR_GeneralContent/Blueprints/BP_PlayBackMotionController.uasset" 424
"../../../../CryoVR_Aquilos2/Content/CryoVR_GeneralContent/Blueprints/BPC_PlayBackController.uasset" 425
"../../../../CryoVR_Aquilos2/Content/CryoVR_GeneralContent/Blueprints/BP_PlayBackCharacter.uasset" 426
"../../../../CryoVR_Aquilos2/Content/VirtualRealityBP/Maps/Aquilos2_MainMenu.umap" 427
"../../../../CryoVR_Aquilos2/Content/Aquilos/Sounds/Welcome.uasset" 428
"../../../../CryoVR_Aquilos2/Content/Aquilos/Sounds/Vent_the_transfer_rod.uasset" 429
"../../../../CryoVR_Aquilos2/Content/Aquilos/Sounds/Unlock_the_rod.uasset" 430
"../../../../CryoVR_Aquilos2/Content/Aquilos/Sounds/Unlock_fixing_knobs_on_Aquilos.uasset" 431
"../../../../CryoVR_Aquilos2/Content/Aquilos/Sounds/uncap_the_gridbox.uasset" 432
"../../../../CryoVR_Aquilos2/Content/Aquilos/Sounds/Tighten_the_screw.uasset" 433
"../../../../CryoVR_Aquilos2/Content/Aquilos/Sounds/Remove_tools.uasset" 434
"../../../../CryoVR_Aquilos2/Content/Aquilos/Sounds/Remove_the_lid.uasset" 435
"../../../../CryoVR_Aquilos2/Content/Aquilos/Sounds/Put_the_gridbox_back_to_freeze_dewar.uasset" 436
"../../../../CryoVR_Aquilos2/Content/Aquilos/Sounds/Put_gridbox_into_the_pod.uasset" 437
"../../../../CryoVR_Aquilos2/Content/Aquilos/Sounds/Pump_the_rod_with_machine.uasset" 438
"../../../../CryoVR_Aquilos2/Content/Aquilos/Sounds/Pump_the_rod_load_chamber.uasset" 439
"../../../../CryoVR_Aquilos2/Content/Aquilos/Sounds/Pull_rod_back__2nd_.uasset" 440
"../../../../CryoVR_Aquilos2/Content/Aquilos/Sounds/Pull_rod_back.uasset" 441
"../../../../CryoVR_Aquilos2/Content/Aquilos/Sounds/Pick_up_the_gridbox_from_pod.uasset" 442
"../../../../CryoVR_Aquilos2/Content/Aquilos/Sounds/Pick_up_the_gridbox.uasset" 443
"../../../../CryoVR_Aquilos2/Content/Aquilos/Sounds/Open_the_rod_gate__2nd_.uasset" 444
"../../../../CryoVR_Aquilos2/Content/Aquilos/Sounds/Open_the_rod_gate.uasset" 445
"../../../../CryoVR_Aquilos2/Content/Aquilos/Sounds/Open_the_microscope_gate.uasset" 446
"../../../../CryoVR_Aquilos2/Content/Aquilos/Sounds/Open_lid_gate.uasset" 447
"../../../../CryoVR_Aquilos2/Content/Aquilos/Sounds/Loosen_the_screw.uasset" 448
"../../../../CryoVR_Aquilos2/Content/Aquilos/Sounds/Lock_the_rod__2nd_.uasset" 449
"../../../../CryoVR_Aquilos2/Content/Aquilos/Sounds/Lock_the_rod.uasset" 450
"../../../../CryoVR_Aquilos2/Content/Aquilos/Sounds/Lock_the_fixing_knobs_on_lid.uasset" 451
"../../../../CryoVR_Aquilos2/Content/Aquilos/Sounds/Lock_fixing_knobs_on_Aquilos.uasset" 452
"../../../../CryoVR_Aquilos2/Content/Aquilos/Sounds/Insert_the_rod__2nd_.uasset" 453
"../../../../CryoVR_Aquilos2/Content/Aquilos/Sounds/Insert_the_rod.uasset" 454
"../../../../CryoVR_Aquilos2/Content/Aquilos/Sounds/Grab_the_grid.uasset" 455
"../../../../CryoVR_Aquilos2/Content/Aquilos/Sounds/Flip_the_shuttle_back.uasset" 456
"../../../../CryoVR_Aquilos2/Content/Aquilos/Sounds/Flip_the_shuttle.uasset" 457
"../../../../CryoVR_Aquilos2/Content/Aquilos/Sounds/End.uasset" 458
"../../../../CryoVR_Aquilos2/Content/Aquilos/Sounds/Detach_the_rod_from_lid.uasset" 459
"../../../../CryoVR_Aquilos2/Content/Aquilos/Sounds/Detach_the_rod.uasset" 460
"../../../../CryoVR_Aquilos2/Content/Aquilos/Sounds/Detach_the_cap_from_Aquilos.uasset" 461
"../../../../CryoVR_Aquilos2/Content/Aquilos/Sounds/Cool_down_the_tools.uasset" 462
"../../../../CryoVR_Aquilos2/Content/Aquilos/Sounds/Close_the_rod_gate__2nd_.uasset" 463
"../../../../CryoVR_Aquilos2/Content/Aquilos/Sounds/Close_the_rod_gate.uasset" 464
"../../../../CryoVR_Aquilos2/Content/Aquilos/Sounds/Close_the_Microscope_gate.uasset" 465
"../../../../CryoVR_Aquilos2/Content/Aquilos/Sounds/Close_lid_gate__2nd_.uasset" 466
"../../../../CryoVR_Aquilos2/Content/Aquilos/Sounds/Close_lid_gate.uasset" 467
"../../../../CryoVR_Aquilos2/Content/Aquilos/Sounds/Cap_the_pod.uasset" 468
"../../../../CryoVR_Aquilos2/Content/Aquilos/Sounds/Cap_the_gridbox.uasset" 469
"../../../../CryoVR_Aquilos2/Content/Aquilos/Sounds/Attach_the_rod_to_the_lid.uasset" 470
"../../../../CryoVR_Aquilos2/Content/Aquilos/Sounds/Attach_the_rod_to_the_Aquilos.uasset" 471
"../../../../CryoVR_Aquilos2/Content/Aquilos/Sounds/Attach_the_grid_to_the_shuttle_notch.uasset" 472
"../../../../CryoVR_Aquilos2/Content/Aquilos/Sounds/Attach_the_cap_to_the_Aquilos.uasset" 473
"../../../../CryoVR_Aquilos2/Content/Aquilos/Materials/HL/M_Slide_Knob_Top_Inst.uasset" 474
"../../../../CryoVR_Aquilos2/Content/Aquilos/Textures/knob7_lambert1_OcclusionRoughnessMetallic.uasset" 475
"../../../../CryoVR_Aquilos2/Content/Aquilos/Textures/knob7_lambert1_Normal.uasset" 476
"../../../../CryoVR_Aquilos2/Content/Aquilos/Textures/knob7_lambert1_BaseColor.uasset" 477
"../../../../CryoVR_Aquilos2/Content/Aquilos/Materials/M_Rod_Side_Knob.uasset" 478
"../../../../CryoVR_Aquilos2/Content/Aquilos/Materials/HL/M_Rod_Side_Knob_Inst.uasset" 479
"../../../../CryoVR_Aquilos2/Content/Aquilos/Materials/HL/M_Fixing_Knob_Inst.uasset" 480
"../../../../CryoVR_Aquilos2/Content/Aquilos/Materials/HL/M_Bottom_Knob_Inst.uasset" 481
"../../../../CryoVR_Aquilos2/Content/Aquilos/Materials/HL/M_Aquilos_Side_Knob_Inst.uasset" 482
"../../../../CryoVR_Aquilos2/Content/Aquilos/Materials/HL/M_Aquilos_Rod_Inst.uasset" 483
"../../../../CryoVR_Aquilos2/Content/Aquilos/Materials/HL/M_Aquilos_Cap_Inst.uasset" 484
"../../../../CryoVR_Aquilos2/Content/Aquilos/Materials/HL/Clip_Pen_Inst.uasset" 485
"../../../../CryoVR_Aquilos2/Content/VirtualRealityBP/Maps/Aquilos2_Tutorial_BuiltData.uasset" 486
"../../../../CryoVR_Aquilos2/Content/CryoVR_GeneralContent/Menu/UndoButton.uasset" 487
"../../../../CryoVR_Aquilos2/Content/CryoVR_GeneralContent/Menu/MenuBar_inGame.uasset" 488
"../../../../CryoVR_Aquilos2/Content/CryoVR_GeneralContent/Menu/Adjust_Height.uasset" 489
"../../../../CryoVR_Aquilos2/Content/VirtualRealityBP/Maps/Aquilos2_Tutorial.umap" 490
"../../../Engine/Content/Maps/Entry_BuiltData.uasset" 491
"../../../Engine/Content/Maps/Entry.umap" 492
